<?xml version="1.0" encoding="UTF-8"?>
<testsuites name="UserManagementTestSuite" time="826" tests="20" failures="1" errors="0">
   <testsuite name="UserManagementTestSuite" tests="20" failures="1" errors="0" time="826" timestamp="2018-07-18 17:07:47" hostname="703177791 - 703177791GDL.IND.CORP.AD" id="Test Suites/UserManagementTestSuite">
      <properties>
         <property name="deviceName" value=""/>
         <property name="devicePlatform" value=""/>
         <property name="logFolder" value="D:\\P&amp;G New\\Automation-P&amp;G-Code-Base\\OMVA\\Reports\\UserManagementTestSuite\\20180718_170200"/>
         <property name="logFiles" value="D:\\P&amp;G New\\Automation-P&amp;G-Code-Base\\OMVA\\Reports\\UserManagementTestSuite\\20180718_170200\\execution0.log"/>
         <property name="attachments" value=""/>
         <property name="hostName" value="703177791 - 703177791GDL.IND.CORP.AD"/>
         <property name="os" value="Windows 10 64bit"/>
         <property name="katalonVersion" value="5.4.2.1"/>
         <property name="browser" value="Chrome 67.0.3396.62"/>
         <property name="hostAddress" value="172.16.21.232"/>
         <property name="sessionId" value="409257c8b4347ade0b603e3291f7b1c0"/>
         <property name="seleniumVersion" value="3.7.1"/>
         <property name="proxyInformation" value="ProxyInformation{proxyOption=NO_PROXY, proxyServerType=HTTP, password=, proxyServerAddress=, proxyServerPort=0}"/>
         <property name="platform" value="Windows 10"/>
      </properties>
      <testcase name="Test Cases/UserManagementTestCases/Login/Invalid_Login" classname="Test Cases/UserManagementTestCases/Login/Invalid_Login" status="FAILED">
         <failure type="FAILED" message="Unable to verify match between actual text '' and expected text 'Invalid Credentials' using regular expression (Root cause: Actual text '' and expected text 'Invalid Credentials' are not matched using regular expression)"/>
         <system-out><![CDATA[2018-07-18 17:07:51 - [TEST_CASE][FAILED] - Test Cases/UserManagementTestCases/Login/Invalid_Login: Test Cases/UserManagementTestCases/Login/Invalid_Login FAILED because (of) Unable to verify match between actual text '' and expected text 'Invalid Credentials' using regular expression (Root cause: Actual text '' and expected text 'Invalid Credentials' are not matched using regular expression)

2018-07-18 17:07:52 - [TEST_STEP][PASSED] - callTestCase: Call Test Case 'Test Cases/CommonTestcases/OpenBrowserandNavigateToQAURL' successfully

2018-07-18 17:07:52 - [TEST_CASE][PASSED] - Test Cases/CommonTestcases/OpenBrowserandNavigateToQAURL: Test Cases/CommonTestcases/OpenBrowserandNavigateToQAURL

2018-07-18 17:07:52 - [TEST_STEP][PASSED] - openBrowser: Browser is opened with url: ''

2018-07-18 17:07:55 - [MESSAGE][PASSED] - Browser is opened with url: ''

2018-07-18 17:07:55 - [TEST_STEP][PASSED] - navigateToUrl: Navigate to 'https://coa-demo-env.azurewebsites.net/da/index.html#/login' successfully

2018-07-18 17:08:04 - [MESSAGE][PASSED] - Navigate to 'https://coa-demo-env.azurewebsites.net/da/index.html#/login' successfully

2018-07-18 17:08:04 - [TEST_STEP][PASSED] - maximizeWindow: Current window maximized

2018-07-18 17:08:06 - [MESSAGE][PASSED] - Current window maximized

2018-07-18 17:08:06 - [MESSAGE][PASSED] - Call Test Case 'Test Cases/CommonTestcases/OpenBrowserandNavigateToQAURL' successfully

2018-07-18 17:08:06 - [TEST_STEP][PASSED] - waitForElementVisible: Object 'Object Repository/OMVA_Login_Page/Username_Textbox' is visible

2018-07-18 17:08:06 - [MESSAGE][PASSED] - Object 'Object Repository/OMVA_Login_Page/Username_Textbox' is visible

2018-07-18 17:08:06 - [TEST_STEP][PASSED] - sendKeys: Keys 'asdf' sent to object: 'Object Repository/OMVA_Login_Page/Username_Textbox'

2018-07-18 17:08:06 - [MESSAGE][PASSED] - Keys 'asdf' sent to object: 'Object Repository/OMVA_Login_Page/Username_Textbox'

2018-07-18 17:08:06 - [TEST_STEP][PASSED] - click: Object: 'Object Repository/OMVA_Login_Page/Next_Button' is clicked on

2018-07-18 17:08:06 - [MESSAGE][PASSED] - Object: 'Object Repository/OMVA_Login_Page/Next_Button' is clicked on

2018-07-18 17:08:06 - [TEST_STEP][PASSED] - Statement - If (true): null

2018-07-18 17:08:06 - [TEST_STEP][PASSED] - waitForElementVisible: Object 'Object Repository/OMVA_Login_Page/Password_Textbox' is visible

2018-07-18 17:08:06 - [MESSAGE][PASSED] - Object 'Object Repository/OMVA_Login_Page/Password_Textbox' is visible

2018-07-18 17:08:06 - [TEST_STEP][PASSED] - Statement - assert true: null

2018-07-18 17:08:06 - [TEST_STEP][PASSED] - sendKeys: Keys 'qwerty' sent to object: 'Object Repository/OMVA_Login_Page/Password_Textbox'

2018-07-18 17:08:07 - [MESSAGE][PASSED] - Keys 'qwerty' sent to object: 'Object Repository/OMVA_Login_Page/Password_Textbox'

2018-07-18 17:08:07 - [TEST_STEP][PASSED] - click: Object: 'Object Repository/OMVA_Login_Page/Signin_Button' is clicked on

2018-07-18 17:08:07 - [MESSAGE][PASSED] - Object: 'Object Repository/OMVA_Login_Page/Signin_Button' is clicked on

2018-07-18 17:08:07 - [TEST_STEP][PASSED] - Statement - AHeaderTxt = com.kms.katalon.core.webui.keyword.WebUiBuiltInKeywords.getText(com.kms.katalon.core.testobject.ObjectRepository.findTestObject(OMVA_Login_Page/InvalidLogin_HeaderTxt)): Text of object 'Object Repository/OMVA_Login_Page/InvalidLogin_HeaderTxt' is: ''

2018-07-18 17:08:07 - [MESSAGE][PASSED] - Text of object 'Object Repository/OMVA_Login_Page/InvalidLogin_HeaderTxt' is: ''

2018-07-18 17:08:07 - [TEST_STEP][FAILED] - verifyMatch: Unable to verify match between actual text '' and expected text 'Invalid Credentials' using regular expression (Root cause: Actual text '' and expected text 'Invalid Credentials' are not matched using regular expression)

2018-07-18 17:08:08 - [MESSAGE][FAILED] - Unable to verify match between actual text '' and expected text 'Invalid Credentials' using regular expression (Root cause: Actual text '' and expected text 'Invalid Credentials' are not matched using regular expression)]]></system-out>
         <system-err><![CDATA[2018-07-18 17:07:51 - [TEST_CASE][FAILED] - Test Cases/UserManagementTestCases/Login/Invalid_Login: Test Cases/UserManagementTestCases/Login/Invalid_Login FAILED because (of) Unable to verify match between actual text '' and expected text 'Invalid Credentials' using regular expression (Root cause: Actual text '' and expected text 'Invalid Credentials' are not matched using regular expression)]]></system-err>
      </testcase>
      <testcase name="Test Cases/UserManagementTestCases/Login/Valid_Login" classname="Test Cases/UserManagementTestCases/Login/Valid_Login" status="PASSED">
         <system-out><![CDATA[2018-07-18 17:08:08 - [TEST_CASE][PASSED] - Test Cases/UserManagementTestCases/Login/Valid_Login: Test Cases/UserManagementTestCases/Login/Valid_Login

2018-07-18 17:08:08 - [TEST_STEP][PASSED] - callTestCase: Call Test Case 'Test Cases/CommonTestcases/OpenBrowserandNavigateToQAURL' successfully

2018-07-18 17:08:08 - [TEST_CASE][PASSED] - Test Cases/CommonTestcases/OpenBrowserandNavigateToQAURL: Test Cases/CommonTestcases/OpenBrowserandNavigateToQAURL

2018-07-18 17:08:08 - [TEST_STEP][PASSED] - openBrowser: Browser is opened with url: ''

2018-07-18 17:08:08 - [MESSAGE][WARNING] - A browser is already opened. Closing browser and opening a new one

2018-07-18 17:08:11 - [MESSAGE][PASSED] - Browser is opened with url: ''

2018-07-18 17:08:11 - [TEST_STEP][PASSED] - navigateToUrl: Navigate to 'https://coa-demo-env.azurewebsites.net/da/index.html#/login' successfully

2018-07-18 17:08:23 - [MESSAGE][PASSED] - Navigate to 'https://coa-demo-env.azurewebsites.net/da/index.html#/login' successfully

2018-07-18 17:08:23 - [TEST_STEP][PASSED] - maximizeWindow: Current window maximized

2018-07-18 17:08:24 - [MESSAGE][PASSED] - Current window maximized

2018-07-18 17:08:24 - [MESSAGE][PASSED] - Call Test Case 'Test Cases/CommonTestcases/OpenBrowserandNavigateToQAURL' successfully

2018-07-18 17:08:24 - [TEST_STEP][PASSED] - waitForElementVisible: Object 'Object Repository/OMVA_Login_Page/Username_Textbox' is visible

2018-07-18 17:08:24 - [MESSAGE][PASSED] - Object 'Object Repository/OMVA_Login_Page/Username_Textbox' is visible

2018-07-18 17:08:24 - [TEST_STEP][PASSED] - sendKeys: Keys 'SuperAdmin' sent to object: 'Object Repository/OMVA_Login_Page/Username_Textbox'

2018-07-18 17:08:24 - [MESSAGE][PASSED] - Keys 'SuperAdmin' sent to object: 'Object Repository/OMVA_Login_Page/Username_Textbox'

2018-07-18 17:08:24 - [TEST_STEP][PASSED] - click: Object: 'Object Repository/OMVA_Login_Page/Next_Button' is clicked on

2018-07-18 17:08:24 - [MESSAGE][PASSED] - Object: 'Object Repository/OMVA_Login_Page/Next_Button' is clicked on

2018-07-18 17:08:24 - [TEST_STEP][PASSED] - Statement - If (true): null

2018-07-18 17:08:24 - [TEST_STEP][PASSED] - waitForElementVisible: Object 'Object Repository/OMVA_Login_Page/Password_Textbox' is visible

2018-07-18 17:08:25 - [MESSAGE][PASSED] - Object 'Object Repository/OMVA_Login_Page/Password_Textbox' is visible

2018-07-18 17:08:25 - [TEST_STEP][PASSED] - Statement - assert true: null

2018-07-18 17:08:25 - [TEST_STEP][PASSED] - sendKeys: Keys 'SuperAdmin' sent to object: 'Object Repository/OMVA_Login_Page/Password_Textbox'

2018-07-18 17:08:25 - [MESSAGE][PASSED] - Keys 'SuperAdmin' sent to object: 'Object Repository/OMVA_Login_Page/Password_Textbox'

2018-07-18 17:08:25 - [TEST_STEP][PASSED] - click: Object: 'Object Repository/OMVA_Login_Page/Signin_Button' is clicked on

2018-07-18 17:08:26 - [MESSAGE][PASSED] - Object: 'Object Repository/OMVA_Login_Page/Signin_Button' is clicked on

2018-07-18 17:08:26 - [TEST_STEP][PASSED] - waitForAngularLoad: This page doesn't use Angular.

2018-07-18 17:08:26 - [MESSAGE][WARNING] - This page doesn't use Angular.

2018-07-18 17:08:26 - [TEST_STEP][PASSED] - Statement - greetingtext = com.kms.katalon.core.webui.keyword.WebUiBuiltInKeywords.getText(com.kms.katalon.core.testobject.ObjectRepository.findTestObject(OMVA_Landing_Page/Greeting_Label)): Text of object 'Object Repository/OMVA_Landing_Page/Greeting_Label' is: 'Good Evening, SuperAdmin'

2018-07-18 17:08:27 - [MESSAGE][PASSED] - Text of object 'Object Repository/OMVA_Landing_Page/Greeting_Label' is: 'Good Evening, SuperAdmin'

2018-07-18 17:08:27 - [TEST_STEP][PASSED] - verifyMatch: Actual text 'Good Evening, SuperAdmin' and expected text '\D*SuperAdmin' are matched  using regular expression

2018-07-18 17:08:27 - [MESSAGE][PASSED] - Actual text 'Good Evening, SuperAdmin' and expected text '\D*SuperAdmin' are matched  using regular expression

2018-07-18 17:08:27 - [TEST_STEP][PASSED] - closeBrowser: Browser is closed

2018-07-18 17:08:28 - [MESSAGE][PASSED] - Browser is closed]]></system-out>
         <system-err><![CDATA[]]></system-err>
      </testcase>
      <testcase name="Test Cases/UserManagementTestCases/CreateUser/Create_User_Validate" classname="Test Cases/UserManagementTestCases/CreateUser/Create_User_Validate" status="PASSED">
         <system-out><![CDATA[2018-07-18 17:08:28 - [TEST_CASE][PASSED] - Test Cases/UserManagementTestCases/CreateUser/Create_User_Validate: Test Cases/UserManagementTestCases/CreateUser/Create_User_Validate

2018-07-18 17:08:28 - [TEST_STEP][PASSED] - callTestCase: Call Test Case 'Test Cases/CommonTestcases/OpenBrowserandNavigateToQAURL' successfully

2018-07-18 17:08:28 - [TEST_CASE][PASSED] - Test Cases/CommonTestcases/OpenBrowserandNavigateToQAURL: Test Cases/CommonTestcases/OpenBrowserandNavigateToQAURL

2018-07-18 17:08:28 - [TEST_STEP][PASSED] - openBrowser: Browser is opened with url: ''

2018-07-18 17:08:31 - [MESSAGE][PASSED] - Browser is opened with url: ''

2018-07-18 17:08:31 - [TEST_STEP][PASSED] - navigateToUrl: Navigate to 'https://coa-demo-env.azurewebsites.net/da/index.html#/login' successfully

2018-07-18 17:08:40 - [MESSAGE][PASSED] - Navigate to 'https://coa-demo-env.azurewebsites.net/da/index.html#/login' successfully

2018-07-18 17:08:40 - [TEST_STEP][PASSED] - maximizeWindow: Current window maximized

2018-07-18 17:08:41 - [MESSAGE][PASSED] - Current window maximized

2018-07-18 17:08:41 - [MESSAGE][PASSED] - Call Test Case 'Test Cases/CommonTestcases/OpenBrowserandNavigateToQAURL' successfully

2018-07-18 17:08:41 - [TEST_STEP][PASSED] - waitForElementVisible: Object 'Object Repository/OMVA_Login_Page/Username_Textbox' is visible

2018-07-18 17:08:41 - [MESSAGE][PASSED] - Object 'Object Repository/OMVA_Login_Page/Username_Textbox' is visible

2018-07-18 17:08:41 - [TEST_STEP][PASSED] - sendKeys: Keys 'SuperAdmin' sent to object: 'Object Repository/OMVA_Login_Page/Username_Textbox'

2018-07-18 17:08:41 - [MESSAGE][PASSED] - Keys 'SuperAdmin' sent to object: 'Object Repository/OMVA_Login_Page/Username_Textbox'

2018-07-18 17:08:41 - [TEST_STEP][PASSED] - click: Object: 'Object Repository/OMVA_Login_Page/Next_Button' is clicked on

2018-07-18 17:08:42 - [MESSAGE][PASSED] - Object: 'Object Repository/OMVA_Login_Page/Next_Button' is clicked on

2018-07-18 17:08:42 - [TEST_STEP][PASSED] - waitForElementVisible: Object 'Object Repository/OMVA_Login_Page/Password_Textbox' is visible

2018-07-18 17:08:42 - [MESSAGE][PASSED] - Object 'Object Repository/OMVA_Login_Page/Password_Textbox' is visible

2018-07-18 17:08:42 - [TEST_STEP][PASSED] - sendKeys: Keys 'SuperAdmin' sent to object: 'Object Repository/OMVA_Login_Page/Password_Textbox'

2018-07-18 17:08:42 - [MESSAGE][PASSED] - Keys 'SuperAdmin' sent to object: 'Object Repository/OMVA_Login_Page/Password_Textbox'

2018-07-18 17:08:42 - [TEST_STEP][PASSED] - click: Object: 'Object Repository/OMVA_Login_Page/Signin_Button' is clicked on

2018-07-18 17:08:42 - [MESSAGE][PASSED] - Object: 'Object Repository/OMVA_Login_Page/Signin_Button' is clicked on

2018-07-18 17:08:42 - [TEST_STEP][PASSED] - waitForPageLoad: Wait for page load successfully

2018-07-18 17:08:42 - [MESSAGE][PASSED] - Wait for page load successfully

2018-07-18 17:08:42 - [TEST_STEP][PASSED] - delay: Delayed 5 second(s)

2018-07-18 17:08:47 - [MESSAGE][PASSED] - Delayed 5 second(s)

2018-07-18 17:08:47 - [TEST_STEP][PASSED] - waitForElementPresent: Object 'Object Repository/OMVA_Landing_Page/CreateUser_Button' is present

2018-07-18 17:08:47 - [MESSAGE][PASSED] - Object 'Object Repository/OMVA_Landing_Page/CreateUser_Button' is present

2018-07-18 17:08:47 - [TEST_STEP][PASSED] - click: Object: 'Object Repository/OMVA_Landing_Page/CreateUser_Button' is clicked on

2018-07-18 17:08:48 - [MESSAGE][PASSED] - Object: 'Object Repository/OMVA_Landing_Page/CreateUser_Button' is clicked on

2018-07-18 17:08:48 - [TEST_STEP][PASSED] - delay: Delayed 3 second(s)

2018-07-18 17:08:51 - [MESSAGE][PASSED] - Delayed 3 second(s)

2018-07-18 17:08:51 - [TEST_STEP][PASSED] - waitForElementPresent: Object 'Object Repository/OMVA_UserManagement_Page/Role_Dropdown' is present

2018-07-18 17:08:51 - [MESSAGE][PASSED] - Object 'Object Repository/OMVA_UserManagement_Page/Role_Dropdown' is present

2018-07-18 17:08:51 - [TEST_STEP][PASSED] - Statement - If (true): null

2018-07-18 17:08:51 - [TEST_STEP][PASSED] - click: Object: 'Object Repository/OMVA_UserManagement_Page/Role_Dropdown' is clicked on

2018-07-18 17:08:51 - [MESSAGE][PASSED] - Object: 'Object Repository/OMVA_UserManagement_Page/Role_Dropdown' is clicked on

2018-07-18 17:08:51 - [TEST_STEP][PASSED] - Statement - assert true: null

2018-07-18 17:08:51 - [TEST_STEP][PASSED] - scrollToElement: Scroll to object 'Object Repository/OMVA_UserManagement_Page/DropdownOption_RoleDropdown_Market Admin' successfully

2018-07-18 17:08:51 - [MESSAGE][WARNING] - Timeout '0' is invalid. Using default page load timeout: '15'

2018-07-18 17:08:51 - [MESSAGE][PASSED] - Scroll to object 'Object Repository/OMVA_UserManagement_Page/DropdownOption_RoleDropdown_Market Admin' successfully

2018-07-18 17:08:51 - [TEST_STEP][PASSED] - click: Object: 'Object Repository/OMVA_UserManagement_Page/DropdownOption_RoleDropdown_Market Admin' is clicked on

2018-07-18 17:08:51 - [MESSAGE][PASSED] - Object: 'Object Repository/OMVA_UserManagement_Page/DropdownOption_RoleDropdown_Market Admin' is clicked on

2018-07-18 17:08:51 - [TEST_STEP][PASSED] - Statement - username = CustomKeywords.commonLibrary.commonFunctions.randomStringFunction("abcdefghijklmnopqrstuvwxyz", 6): commonLibrary.commonFunctions.randomStringFunction is PASSED

2018-07-18 17:08:51 - [MESSAGE][PASSED] - commonLibrary.commonFunctions.randomStringFunction is PASSED

2018-07-18 17:08:51 - [TEST_STEP][PASSED] - Statement - uname = username.toString(): null

2018-07-18 17:08:51 - [TEST_STEP][PASSED] - sendKeys: Keys 'symbvz' sent to object: 'Object Repository/OMVA_UserManagement_Page/UserName_Textbox'

2018-07-18 17:08:52 - [MESSAGE][PASSED] - Keys 'symbvz' sent to object: 'Object Repository/OMVA_UserManagement_Page/UserName_Textbox'

2018-07-18 17:08:52 - [TEST_STEP][PASSED] - Statement - emailidprefix = CustomKeywords.commonLibrary.commonFunctions.randomStringFunction("abcdefghijklmnopqrstuvwxyz", 9): commonLibrary.commonFunctions.randomStringFunction is PASSED

2018-07-18 17:08:52 - [MESSAGE][PASSED] - commonLibrary.commonFunctions.randomStringFunction is PASSED

2018-07-18 17:08:52 - [TEST_STEP][PASSED] - sendKeys: Keys 'bjudlpwji@autotestpg.com' sent to object: 'Object Repository/OMVA_UserManagement_Page/EmailID_Textbox'

2018-07-18 17:08:53 - [MESSAGE][PASSED] - Keys 'bjudlpwji@autotestpg.com' sent to object: 'Object Repository/OMVA_UserManagement_Page/EmailID_Textbox'

2018-07-18 17:08:53 - [TEST_STEP][PASSED] - Statement - firstname = CustomKeywords.commonLibrary.commonFunctions.randomStringFunction("abcdefghijklmnopqrstuvwxyz", 7): commonLibrary.commonFunctions.randomStringFunction is PASSED

2018-07-18 17:08:53 - [MESSAGE][PASSED] - commonLibrary.commonFunctions.randomStringFunction is PASSED

2018-07-18 17:08:53 - [TEST_STEP][PASSED] - sendKeys: Keys 'lgpsrjh' sent to object: 'Object Repository/OMVA_UserManagement_Page/FirstName_Textbox'

2018-07-18 17:08:53 - [MESSAGE][PASSED] - Keys 'lgpsrjh' sent to object: 'Object Repository/OMVA_UserManagement_Page/FirstName_Textbox'

2018-07-18 17:08:53 - [TEST_STEP][PASSED] - Statement - lastname = CustomKeywords.commonLibrary.commonFunctions.randomStringFunction("abcdefghijklmnopqrstuvwxyz", 7): commonLibrary.commonFunctions.randomStringFunction is PASSED

2018-07-18 17:08:53 - [MESSAGE][PASSED] - commonLibrary.commonFunctions.randomStringFunction is PASSED

2018-07-18 17:08:53 - [TEST_STEP][PASSED] - sendKeys: Keys 'yqdxgtn' sent to object: 'Object Repository/OMVA_UserManagement_Page/LastName_Textbox'

2018-07-18 17:08:53 - [MESSAGE][PASSED] - Keys 'yqdxgtn' sent to object: 'Object Repository/OMVA_UserManagement_Page/LastName_Textbox'

2018-07-18 17:08:53 - [TEST_STEP][PASSED] - Statement - ticketnum = CustomKeywords.commonLibrary.commonFunctions.randomStringFunction("123456789", 7): commonLibrary.commonFunctions.randomStringFunction is PASSED

2018-07-18 17:08:53 - [MESSAGE][PASSED] - commonLibrary.commonFunctions.randomStringFunction is PASSED

2018-07-18 17:08:53 - [TEST_STEP][PASSED] - sendKeys: Keys '1659248' sent to object: 'Object Repository/OMVA_UserManagement_Page/TicketNumber_Textbox'

2018-07-18 17:08:54 - [MESSAGE][PASSED] - Keys '1659248' sent to object: 'Object Repository/OMVA_UserManagement_Page/TicketNumber_Textbox'

2018-07-18 17:08:54 - [TEST_STEP][PASSED] - click: Object: 'Object Repository/OMVA_UserManagement_Page/Next_Button' is clicked on

2018-07-18 17:08:54 - [MESSAGE][PASSED] - Object: 'Object Repository/OMVA_UserManagement_Page/Next_Button' is clicked on

2018-07-18 17:08:54 - [TEST_STEP][PASSED] - applicationLibrary.checkboxMultiselection.multiselectCheckbox: applicationLibrary.checkboxMultiselection.multiselectCheckbox is PASSED

2018-07-18 17:08:56 - [MESSAGE][PASSED] - applicationLibrary.checkboxMultiselection.multiselectCheckbox is PASSED

2018-07-18 17:08:56 - [TEST_STEP][PASSED] - scrollToElement: Scroll to object 'Object Repository/OMVA_UserManagement_Page/Customer_Next_Btn' successfully

2018-07-18 17:08:56 - [MESSAGE][PASSED] - Scroll to object 'Object Repository/OMVA_UserManagement_Page/Customer_Next_Btn' successfully

2018-07-18 17:08:56 - [TEST_STEP][PASSED] - click: Object: 'Object Repository/OMVA_UserManagement_Page/Customer_Next_Btn' is clicked on

2018-07-18 17:08:56 - [MESSAGE][PASSED] - Object: 'Object Repository/OMVA_UserManagement_Page/Customer_Next_Btn' is clicked on

2018-07-18 17:08:56 - [TEST_STEP][PASSED] - applicationLibrary.checkboxMultiselection.multiselectCheckbox: applicationLibrary.checkboxMultiselection.multiselectCheckbox is PASSED

2018-07-18 17:08:59 - [MESSAGE][PASSED] - applicationLibrary.checkboxMultiselection.multiselectCheckbox is PASSED

2018-07-18 17:08:59 - [TEST_STEP][PASSED] - click: Object: 'Object Repository/OMVA_UserManagement_Page/UserCreation_Save_Btn' is clicked on

2018-07-18 17:08:59 - [MESSAGE][PASSED] - Object: 'Object Repository/OMVA_UserManagement_Page/UserCreation_Save_Btn' is clicked on

2018-07-18 17:08:59 - [TEST_STEP][PASSED] - waitForElementPresent: Object 'Object Repository/OMVA_UserManagement_Page/UserCreation_HeaderTxt' is present

2018-07-18 17:09:00 - [MESSAGE][PASSED] - Object 'Object Repository/OMVA_UserManagement_Page/UserCreation_HeaderTxt' is present

2018-07-18 17:09:00 - [TEST_STEP][PASSED] - verifyElementText: Actual text and expected text of test object 'Object Repository/OMVA_UserManagement_Page/UserCreation_HeaderTxt' are matched.

2018-07-18 17:09:00 - [MESSAGE][PASSED] - Actual text and expected text of test object 'Object Repository/OMVA_UserManagement_Page/UserCreation_HeaderTxt' are matched.

2018-07-18 17:09:00 - [TEST_STEP][PASSED] - verifyElementText: Actual text and expected text of test object 'Object Repository/OMVA_UserManagement_Page/UserCreation_ContentTxt' are matched.

2018-07-18 17:09:00 - [MESSAGE][PASSED] - Actual text and expected text of test object 'Object Repository/OMVA_UserManagement_Page/UserCreation_ContentTxt' are matched.

2018-07-18 17:09:00 - [TEST_STEP][PASSED] - click: Object: 'Object Repository/OMVA_UserManagement_Page/UserCreation_OK_Btn' is clicked on

2018-07-18 17:09:00 - [MESSAGE][PASSED] - Object: 'Object Repository/OMVA_UserManagement_Page/UserCreation_OK_Btn' is clicked on

2018-07-18 17:09:00 - [TEST_STEP][PASSED] - delay: Delayed 5 second(s)

2018-07-18 17:09:05 - [MESSAGE][PASSED] - Delayed 5 second(s)

2018-07-18 17:09:05 - [TEST_STEP][PASSED] - waitForElementPresent: Object 'Object Repository/OMVA_UserManagement_Page/Created_User_Username' is present

2018-07-18 17:09:05 - [MESSAGE][PASSED] - Object 'Object Repository/OMVA_UserManagement_Page/Created_User_Username' is present

2018-07-18 17:09:05 - [TEST_STEP][PASSED] - Statement - createduser = com.kms.katalon.core.webui.keyword.WebUiBuiltInKeywords.getText(com.kms.katalon.core.testobject.ObjectRepository.findTestObject(OMVA_UserManagement_Page/Created_User_Username)): Text of object 'Object Repository/OMVA_UserManagement_Page/Created_User_Username' is: 'lgpsrjh yqdxgtn'

2018-07-18 17:09:05 - [MESSAGE][PASSED] - Text of object 'Object Repository/OMVA_UserManagement_Page/Created_User_Username' is: 'lgpsrjh yqdxgtn'

2018-07-18 17:09:05 - [TEST_STEP][PASSED] - waitForElementVisible: Object 'Object Repository/OMVA_UserManagement_Page/Search_button' is visible

2018-07-18 17:09:06 - [MESSAGE][PASSED] - Object 'Object Repository/OMVA_UserManagement_Page/Search_button' is visible

2018-07-18 17:09:06 - [TEST_STEP][PASSED] - click: Object: 'Object Repository/OMVA_UserManagement_Page/Search_button' is clicked on

2018-07-18 17:09:06 - [MESSAGE][PASSED] - Object: 'Object Repository/OMVA_UserManagement_Page/Search_button' is clicked on

2018-07-18 17:09:06 - [TEST_STEP][PASSED] - waitForElementVisible: Object 'Object Repository/OMVA_UserManagement_Page/Enter_Text_Search' is visible

2018-07-18 17:09:06 - [MESSAGE][PASSED] - Object 'Object Repository/OMVA_UserManagement_Page/Enter_Text_Search' is visible

2018-07-18 17:09:06 - [TEST_STEP][PASSED] - sendKeys: Keys 'symbvz' sent to object: 'Object Repository/OMVA_UserManagement_Page/Enter_Text_Search'

2018-07-18 17:09:07 - [MESSAGE][PASSED] - Keys 'symbvz' sent to object: 'Object Repository/OMVA_UserManagement_Page/Enter_Text_Search'

2018-07-18 17:09:07 - [TEST_STEP][PASSED] - Statement - createduser = com.kms.katalon.core.webui.keyword.WebUiBuiltInKeywords.verifyMatch(createduser, firstname + " " + lastname, true): Actual text 'lgpsrjh yqdxgtn' and expected text 'lgpsrjh yqdxgtn' are matched  using regular expression

2018-07-18 17:09:07 - [MESSAGE][PASSED] - Actual text 'lgpsrjh yqdxgtn' and expected text 'lgpsrjh yqdxgtn' are matched  using regular expression

2018-07-18 17:09:07 - [TEST_STEP][PASSED] - dataBaseConnection.dataBase.connectDB: dataBaseConnection.dataBase.connectDB is PASSED

2018-07-18 17:09:07 - [MESSAGE][PASSED] - dataBaseConnection.dataBase.connectDB is PASSED

2018-07-18 17:09:07 - [TEST_STEP][PASSED] - dataBaseConnection.dataBase.executeQuery: dataBaseConnection.dataBase.executeQuery is PASSED

2018-07-18 17:09:07 - [MESSAGE][PASSED] - dataBaseConnection.dataBase.executeQuery is PASSED

2018-07-18 17:09:07 - [TEST_STEP][PASSED] - dataBaseConnection.dataBase.closeDatabaseConnection: dataBaseConnection.dataBase.closeDatabaseConnection is PASSED

2018-07-18 17:09:07 - [MESSAGE][PASSED] - dataBaseConnection.dataBase.closeDatabaseConnection is PASSED

2018-07-18 17:09:07 - [TEST_STEP][PASSED] - callTestCase: Call Test Case 'Test Cases/CommonTestcases/Logout_Closebrowser' successfully

2018-07-18 17:09:07 - [TEST_CASE][PASSED] - Test Cases/CommonTestcases/Logout_Closebrowser: Test Cases/CommonTestcases/Logout_Closebrowser

2018-07-18 17:09:08 - [TEST_STEP][PASSED] - waitForElementPresent: Object 'Object Repository/OMVA_Landing_Page/User_icon' is present

2018-07-18 17:09:08 - [MESSAGE][PASSED] - Object 'Object Repository/OMVA_Landing_Page/User_icon' is present

2018-07-18 17:09:08 - [TEST_STEP][PASSED] - click: Object: 'Object Repository/OMVA_Landing_Page/User_icon' is clicked on

2018-07-18 17:09:08 - [MESSAGE][PASSED] - Object: 'Object Repository/OMVA_Landing_Page/User_icon' is clicked on

2018-07-18 17:09:08 - [TEST_STEP][PASSED] - waitForElementPresent: Object 'Object Repository/OMVA_Landing_Page/Logout_link' is present

2018-07-18 17:09:08 - [MESSAGE][PASSED] - Object 'Object Repository/OMVA_Landing_Page/Logout_link' is present

2018-07-18 17:09:08 - [TEST_STEP][PASSED] - click: Object: 'Object Repository/OMVA_Landing_Page/Logout_link' is clicked on

2018-07-18 17:09:08 - [MESSAGE][PASSED] - Object: 'Object Repository/OMVA_Landing_Page/Logout_link' is clicked on

2018-07-18 17:09:08 - [TEST_STEP][PASSED] - waitForElementNotPresent: Web element with id: 'Object Repository/OMVA_Landing_Page/User_icon' located by 'By.xpath: //img[@id='dropdown']' is not present after '15' second(s)

2018-07-18 17:09:08 - [MESSAGE][WARNING] - Timeout '0' is invalid. Using default page load timeout: '15'

2018-07-18 17:09:09 - [MESSAGE][PASSED] - Web element with id: 'Object Repository/OMVA_Landing_Page/User_icon' located by 'By.xpath: //img[@id='dropdown']' is not present after '15' second(s)

2018-07-18 17:09:09 - [TEST_STEP][PASSED] - closeBrowser: Browser is closed

2018-07-18 17:09:09 - [MESSAGE][PASSED] - Browser is closed

2018-07-18 17:09:09 - [MESSAGE][PASSED] - Call Test Case 'Test Cases/CommonTestcases/Logout_Closebrowser' successfully]]></system-out>
         <system-err><![CDATA[]]></system-err>
      </testcase>
      <testcase name="Test Cases/UserManagementTestCases/CreateUser/Verify_InValid_Email" classname="Test Cases/UserManagementTestCases/CreateUser/Verify_InValid_Email" status="PASSED">
         <system-out><![CDATA[2018-07-18 17:09:09 - [TEST_CASE][PASSED] - Test Cases/UserManagementTestCases/CreateUser/Verify_InValid_Email: Test Cases/UserManagementTestCases/CreateUser/Verify_InValid_Email

2018-07-18 17:09:10 - [TEST_STEP][PASSED] - callTestCase: Call Test Case 'Test Cases/CommonTestcases/OpenBrowserandNavigateToQAURL' successfully

2018-07-18 17:09:10 - [TEST_CASE][PASSED] - Test Cases/CommonTestcases/OpenBrowserandNavigateToQAURL: Test Cases/CommonTestcases/OpenBrowserandNavigateToQAURL

2018-07-18 17:09:10 - [TEST_STEP][PASSED] - openBrowser: Browser is opened with url: ''

2018-07-18 17:09:12 - [MESSAGE][PASSED] - Browser is opened with url: ''

2018-07-18 17:09:12 - [TEST_STEP][PASSED] - navigateToUrl: Navigate to 'https://coa-demo-env.azurewebsites.net/da/index.html#/login' successfully

2018-07-18 17:09:30 - [MESSAGE][PASSED] - Navigate to 'https://coa-demo-env.azurewebsites.net/da/index.html#/login' successfully

2018-07-18 17:09:30 - [TEST_STEP][PASSED] - maximizeWindow: Current window maximized

2018-07-18 17:09:32 - [MESSAGE][PASSED] - Current window maximized

2018-07-18 17:09:32 - [MESSAGE][PASSED] - Call Test Case 'Test Cases/CommonTestcases/OpenBrowserandNavigateToQAURL' successfully

2018-07-18 17:09:32 - [TEST_STEP][PASSED] - waitForElementVisible: Object 'Object Repository/OMVA_Login_Page/Username_Textbox' is visible

2018-07-18 17:09:32 - [MESSAGE][PASSED] - Object 'Object Repository/OMVA_Login_Page/Username_Textbox' is visible

2018-07-18 17:09:32 - [TEST_STEP][PASSED] - sendKeys: Keys 'SuperAdmin' sent to object: 'Object Repository/OMVA_Login_Page/Username_Textbox'

2018-07-18 17:09:32 - [MESSAGE][PASSED] - Keys 'SuperAdmin' sent to object: 'Object Repository/OMVA_Login_Page/Username_Textbox'

2018-07-18 17:09:32 - [TEST_STEP][PASSED] - click: Object: 'Object Repository/OMVA_Login_Page/Next_Button' is clicked on

2018-07-18 17:09:32 - [MESSAGE][PASSED] - Object: 'Object Repository/OMVA_Login_Page/Next_Button' is clicked on

2018-07-18 17:09:32 - [TEST_STEP][PASSED] - waitForElementVisible: Object 'Object Repository/OMVA_Login_Page/Password_Textbox' is visible

2018-07-18 17:09:33 - [MESSAGE][PASSED] - Object 'Object Repository/OMVA_Login_Page/Password_Textbox' is visible

2018-07-18 17:09:33 - [TEST_STEP][PASSED] - sendKeys: Keys 'SuperAdmin' sent to object: 'Object Repository/OMVA_Login_Page/Password_Textbox'

2018-07-18 17:09:33 - [MESSAGE][PASSED] - Keys 'SuperAdmin' sent to object: 'Object Repository/OMVA_Login_Page/Password_Textbox'

2018-07-18 17:09:33 - [TEST_STEP][PASSED] - click: Object: 'Object Repository/OMVA_Login_Page/Signin_Button' is clicked on

2018-07-18 17:09:34 - [MESSAGE][PASSED] - Object: 'Object Repository/OMVA_Login_Page/Signin_Button' is clicked on

2018-07-18 17:09:34 - [TEST_STEP][PASSED] - waitForAngularLoad: This page doesn't use Angular.

2018-07-18 17:09:34 - [MESSAGE][WARNING] - This page doesn't use Angular.

2018-07-18 17:09:34 - [TEST_STEP][PASSED] - delay: Delayed 5 second(s)

2018-07-18 17:09:39 - [MESSAGE][PASSED] - Delayed 5 second(s)

2018-07-18 17:09:39 - [TEST_STEP][PASSED] - waitForElementPresent: Object 'Object Repository/OMVA_Landing_Page/CreateUser_Button' is present

2018-07-18 17:09:39 - [MESSAGE][PASSED] - Object 'Object Repository/OMVA_Landing_Page/CreateUser_Button' is present

2018-07-18 17:09:39 - [TEST_STEP][PASSED] - click: Object: 'Object Repository/OMVA_Landing_Page/CreateUser_Button' is clicked on

2018-07-18 17:09:39 - [MESSAGE][PASSED] - Object: 'Object Repository/OMVA_Landing_Page/CreateUser_Button' is clicked on

2018-07-18 17:09:39 - [TEST_STEP][PASSED] - waitForElementPresent: Object 'Object Repository/OMVA_UserManagement_Page/Role_Dropdown' is present

2018-07-18 17:09:39 - [MESSAGE][PASSED] - Object 'Object Repository/OMVA_UserManagement_Page/Role_Dropdown' is present

2018-07-18 17:09:39 - [TEST_STEP][PASSED] - delay: Delayed 4 second(s)

2018-07-18 17:09:43 - [MESSAGE][PASSED] - Delayed 4 second(s)

2018-07-18 17:09:43 - [TEST_STEP][PASSED] - click: Object: 'Object Repository/OMVA_UserManagement_Page/Role_Dropdown' is clicked on

2018-07-18 17:09:44 - [MESSAGE][PASSED] - Object: 'Object Repository/OMVA_UserManagement_Page/Role_Dropdown' is clicked on

2018-07-18 17:09:44 - [TEST_STEP][PASSED] - scrollToElement: Scroll to object 'Object Repository/OMVA_UserManagement_Page/DropdownOption_RoleDropdown_Market Admin' successfully

2018-07-18 17:09:44 - [MESSAGE][WARNING] - Timeout '0' is invalid. Using default page load timeout: '15'

2018-07-18 17:09:44 - [MESSAGE][PASSED] - Scroll to object 'Object Repository/OMVA_UserManagement_Page/DropdownOption_RoleDropdown_Market Admin' successfully

2018-07-18 17:09:44 - [TEST_STEP][PASSED] - click: Object: 'Object Repository/OMVA_UserManagement_Page/DropdownOption_RoleDropdown_Market Admin' is clicked on

2018-07-18 17:09:44 - [MESSAGE][PASSED] - Object: 'Object Repository/OMVA_UserManagement_Page/DropdownOption_RoleDropdown_Market Admin' is clicked on

2018-07-18 17:09:44 - [TEST_STEP][PASSED] - sendKeys: Keys 'kartik' sent to object: 'Object Repository/OMVA_UserManagement_Page/UserName_Textbox'

2018-07-18 17:09:44 - [MESSAGE][PASSED] - Keys 'kartik' sent to object: 'Object Repository/OMVA_UserManagement_Page/UserName_Textbox'

2018-07-18 17:09:44 - [TEST_STEP][PASSED] - sendKeys: Keys 'wwww' sent to object: 'Object Repository/OMVA_UserManagement_Page/EmailID_Textbox'

2018-07-18 17:09:45 - [MESSAGE][PASSED] - Keys 'wwww' sent to object: 'Object Repository/OMVA_UserManagement_Page/EmailID_Textbox'

2018-07-18 17:09:45 - [TEST_STEP][PASSED] - sendKeys: Keys 'firstName' sent to object: 'Object Repository/OMVA_UserManagement_Page/FirstName_Textbox'

2018-07-18 17:09:45 - [MESSAGE][PASSED] - Keys 'firstName' sent to object: 'Object Repository/OMVA_UserManagement_Page/FirstName_Textbox'

2018-07-18 17:09:45 - [TEST_STEP][PASSED] - Statement - ActualInvalidMsg = com.kms.katalon.core.webui.keyword.WebUiBuiltInKeywords.getText(com.kms.katalon.core.testobject.ObjectRepository.findTestObject(OMVA_UserManagement_Page/Email_Invalid_Msg)): Text of object 'Object Repository/OMVA_UserManagement_Page/Email_Invalid_Msg' is: 'Incorrect email ID.'

2018-07-18 17:09:45 - [MESSAGE][PASSED] - Text of object 'Object Repository/OMVA_UserManagement_Page/Email_Invalid_Msg' is: 'Incorrect email ID.'

2018-07-18 17:09:45 - [TEST_STEP][PASSED] - verifyMatch: Actual text 'Incorrect email ID.' and expected text 'Incorrect email ID.' are matched  using regular expression

2018-07-18 17:09:45 - [MESSAGE][PASSED] - Actual text 'Incorrect email ID.' and expected text 'Incorrect email ID.' are matched  using regular expression

2018-07-18 17:09:45 - [TEST_STEP][PASSED] - closeBrowser: Browser is closed

2018-07-18 17:09:46 - [MESSAGE][PASSED] - Browser is closed]]></system-out>
         <system-err><![CDATA[]]></system-err>
      </testcase>
      <testcase name="Test Cases/UserManagementTestCases/CreateUser/Verify_SaveExit_Btn" classname="Test Cases/UserManagementTestCases/CreateUser/Verify_SaveExit_Btn" status="PASSED">
         <system-out><![CDATA[2018-07-18 17:09:46 - [TEST_CASE][PASSED] - Test Cases/UserManagementTestCases/CreateUser/Verify_SaveExit_Btn: Test Cases/UserManagementTestCases/CreateUser/Verify_SaveExit_Btn

2018-07-18 17:09:46 - [TEST_STEP][PASSED] - callTestCase: Call Test Case 'Test Cases/CommonTestcases/OpenBrowserandNavigateToQAURL' successfully

2018-07-18 17:09:46 - [TEST_CASE][PASSED] - Test Cases/CommonTestcases/OpenBrowserandNavigateToQAURL: Test Cases/CommonTestcases/OpenBrowserandNavigateToQAURL

2018-07-18 17:09:46 - [TEST_STEP][PASSED] - openBrowser: Browser is opened with url: ''

2018-07-18 17:09:49 - [MESSAGE][PASSED] - Browser is opened with url: ''

2018-07-18 17:09:49 - [TEST_STEP][PASSED] - navigateToUrl: Navigate to 'https://coa-demo-env.azurewebsites.net/da/index.html#/login' successfully

2018-07-18 17:09:56 - [MESSAGE][PASSED] - Navigate to 'https://coa-demo-env.azurewebsites.net/da/index.html#/login' successfully

2018-07-18 17:09:56 - [TEST_STEP][PASSED] - maximizeWindow: Current window maximized

2018-07-18 17:09:57 - [MESSAGE][PASSED] - Current window maximized

2018-07-18 17:09:57 - [MESSAGE][PASSED] - Call Test Case 'Test Cases/CommonTestcases/OpenBrowserandNavigateToQAURL' successfully

2018-07-18 17:09:57 - [TEST_STEP][PASSED] - waitForElementVisible: Object 'Object Repository/OMVA_Login_Page/Username_Textbox' is visible

2018-07-18 17:09:57 - [MESSAGE][PASSED] - Object 'Object Repository/OMVA_Login_Page/Username_Textbox' is visible

2018-07-18 17:09:57 - [TEST_STEP][PASSED] - sendKeys: Keys 'SuperAdmin' sent to object: 'Object Repository/OMVA_Login_Page/Username_Textbox'

2018-07-18 17:09:58 - [MESSAGE][PASSED] - Keys 'SuperAdmin' sent to object: 'Object Repository/OMVA_Login_Page/Username_Textbox'

2018-07-18 17:09:58 - [TEST_STEP][PASSED] - click: Object: 'Object Repository/OMVA_Login_Page/Next_Button' is clicked on

2018-07-18 17:09:58 - [MESSAGE][PASSED] - Object: 'Object Repository/OMVA_Login_Page/Next_Button' is clicked on

2018-07-18 17:09:58 - [TEST_STEP][PASSED] - waitForElementVisible: Object 'Object Repository/OMVA_Login_Page/Password_Textbox' is visible

2018-07-18 17:09:58 - [MESSAGE][PASSED] - Object 'Object Repository/OMVA_Login_Page/Password_Textbox' is visible

2018-07-18 17:09:58 - [TEST_STEP][PASSED] - sendKeys: Keys 'SuperAdmin' sent to object: 'Object Repository/OMVA_Login_Page/Password_Textbox'

2018-07-18 17:09:59 - [MESSAGE][PASSED] - Keys 'SuperAdmin' sent to object: 'Object Repository/OMVA_Login_Page/Password_Textbox'

2018-07-18 17:09:59 - [TEST_STEP][PASSED] - click: Object: 'Object Repository/OMVA_Login_Page/Signin_Button' is clicked on

2018-07-18 17:09:59 - [MESSAGE][PASSED] - Object: 'Object Repository/OMVA_Login_Page/Signin_Button' is clicked on

2018-07-18 17:09:59 - [TEST_STEP][PASSED] - delay: Delayed 5 second(s)

2018-07-18 17:10:04 - [MESSAGE][PASSED] - Delayed 5 second(s)

2018-07-18 17:10:04 - [TEST_STEP][PASSED] - waitForElementPresent: Object 'Object Repository/OMVA_Landing_Page/CreateUser_Button' is present

2018-07-18 17:10:04 - [MESSAGE][PASSED] - Object 'Object Repository/OMVA_Landing_Page/CreateUser_Button' is present

2018-07-18 17:10:04 - [TEST_STEP][PASSED] - click: Object: 'Object Repository/OMVA_Landing_Page/CreateUser_Button' is clicked on

2018-07-18 17:10:05 - [MESSAGE][PASSED] - Object: 'Object Repository/OMVA_Landing_Page/CreateUser_Button' is clicked on

2018-07-18 17:10:05 - [TEST_STEP][PASSED] - delay: Delayed 5 second(s)

2018-07-18 17:10:10 - [MESSAGE][PASSED] - Delayed 5 second(s)

2018-07-18 17:10:10 - [TEST_STEP][PASSED] - waitForElementPresent: Object 'Object Repository/OMVA_UserManagement_Page/Role_Dropdown' is present

2018-07-18 17:10:10 - [MESSAGE][PASSED] - Object 'Object Repository/OMVA_UserManagement_Page/Role_Dropdown' is present

2018-07-18 17:10:10 - [TEST_STEP][PASSED] - click: Object: 'Object Repository/OMVA_UserManagement_Page/Role_Dropdown' is clicked on

2018-07-18 17:10:10 - [MESSAGE][PASSED] - Object: 'Object Repository/OMVA_UserManagement_Page/Role_Dropdown' is clicked on

2018-07-18 17:10:10 - [TEST_STEP][PASSED] - scrollToElement: Scroll to object 'Object Repository/OMVA_UserManagement_Page/DropdownOption_RoleDropdown_Market Admin' successfully

2018-07-18 17:10:10 - [MESSAGE][WARNING] - Timeout '0' is invalid. Using default page load timeout: '15'

2018-07-18 17:10:10 - [MESSAGE][PASSED] - Scroll to object 'Object Repository/OMVA_UserManagement_Page/DropdownOption_RoleDropdown_Market Admin' successfully

2018-07-18 17:10:10 - [TEST_STEP][PASSED] - click: Object: 'Object Repository/OMVA_UserManagement_Page/DropdownOption_RoleDropdown_Market Admin' is clicked on

2018-07-18 17:10:10 - [MESSAGE][PASSED] - Object: 'Object Repository/OMVA_UserManagement_Page/DropdownOption_RoleDropdown_Market Admin' is clicked on

2018-07-18 17:10:10 - [TEST_STEP][PASSED] - Statement - username = CustomKeywords.commonLibrary.commonFunctions.randomStringFunction("abcdefghijklmnopqrstuvwxyz", 6): commonLibrary.commonFunctions.randomStringFunction is PASSED

2018-07-18 17:10:10 - [MESSAGE][PASSED] - commonLibrary.commonFunctions.randomStringFunction is PASSED

2018-07-18 17:10:10 - [TEST_STEP][PASSED] - sendKeys: Keys 'zyheqq' sent to object: 'Object Repository/OMVA_UserManagement_Page/UserName_Textbox'

2018-07-18 17:10:10 - [MESSAGE][PASSED] - Keys 'zyheqq' sent to object: 'Object Repository/OMVA_UserManagement_Page/UserName_Textbox'

2018-07-18 17:10:10 - [TEST_STEP][PASSED] - Statement - emailidprefix = CustomKeywords.commonLibrary.commonFunctions.randomStringFunction("abcdefghijklmnopqrstuvwxyz", 9): commonLibrary.commonFunctions.randomStringFunction is PASSED

2018-07-18 17:10:10 - [MESSAGE][PASSED] - commonLibrary.commonFunctions.randomStringFunction is PASSED

2018-07-18 17:10:10 - [TEST_STEP][PASSED] - sendKeys: Keys 'yswulbupx@autotestpg.com' sent to object: 'Object Repository/OMVA_UserManagement_Page/EmailID_Textbox'

2018-07-18 17:10:11 - [MESSAGE][PASSED] - Keys 'yswulbupx@autotestpg.com' sent to object: 'Object Repository/OMVA_UserManagement_Page/EmailID_Textbox'

2018-07-18 17:10:11 - [TEST_STEP][PASSED] - Statement - firstname = CustomKeywords.commonLibrary.commonFunctions.randomStringFunction("abcdefghijklmnopqrstuvwxyz", 7): commonLibrary.commonFunctions.randomStringFunction is PASSED

2018-07-18 17:10:11 - [MESSAGE][PASSED] - commonLibrary.commonFunctions.randomStringFunction is PASSED

2018-07-18 17:10:11 - [TEST_STEP][PASSED] - sendKeys: Keys 'qxqkpov' sent to object: 'Object Repository/OMVA_UserManagement_Page/FirstName_Textbox'

2018-07-18 17:10:12 - [MESSAGE][PASSED] - Keys 'qxqkpov' sent to object: 'Object Repository/OMVA_UserManagement_Page/FirstName_Textbox'

2018-07-18 17:10:12 - [TEST_STEP][PASSED] - Statement - lastname = CustomKeywords.commonLibrary.commonFunctions.randomStringFunction("abcdefghijklmnopqrstuvwxyz", 7): commonLibrary.commonFunctions.randomStringFunction is PASSED

2018-07-18 17:10:12 - [MESSAGE][PASSED] - commonLibrary.commonFunctions.randomStringFunction is PASSED

2018-07-18 17:10:12 - [TEST_STEP][PASSED] - sendKeys: Keys 'wseqqzs' sent to object: 'Object Repository/OMVA_UserManagement_Page/LastName_Textbox'

2018-07-18 17:10:12 - [MESSAGE][PASSED] - Keys 'wseqqzs' sent to object: 'Object Repository/OMVA_UserManagement_Page/LastName_Textbox'

2018-07-18 17:10:12 - [TEST_STEP][PASSED] - Statement - ticketnum = CustomKeywords.commonLibrary.commonFunctions.randomStringFunction("123456789", 7): commonLibrary.commonFunctions.randomStringFunction is PASSED

2018-07-18 17:10:12 - [MESSAGE][PASSED] - commonLibrary.commonFunctions.randomStringFunction is PASSED

2018-07-18 17:10:12 - [TEST_STEP][PASSED] - sendKeys: Keys '9316939' sent to object: 'Object Repository/OMVA_UserManagement_Page/TicketNumber_Textbox'

2018-07-18 17:10:12 - [MESSAGE][PASSED] - Keys '9316939' sent to object: 'Object Repository/OMVA_UserManagement_Page/TicketNumber_Textbox'

2018-07-18 17:10:12 - [TEST_STEP][PASSED] - click: Object: 'Object Repository/OMVA_UserManagement_Page/SaveandExit_Button' is clicked on

2018-07-18 17:10:12 - [MESSAGE][PASSED] - Object: 'Object Repository/OMVA_UserManagement_Page/SaveandExit_Button' is clicked on

2018-07-18 17:10:12 - [TEST_STEP][PASSED] - delay: Delayed 4 second(s)

2018-07-18 17:10:16 - [MESSAGE][PASSED] - Delayed 4 second(s)

2018-07-18 17:10:16 - [TEST_STEP][PASSED] - waitForElementPresent: Object 'Object Repository/OMVA_UserManagement_Page/SaveExit_button_Htext' is present

2018-07-18 17:10:17 - [MESSAGE][PASSED] - Object 'Object Repository/OMVA_UserManagement_Page/SaveExit_button_Htext' is present

2018-07-18 17:10:17 - [TEST_STEP][PASSED] - Statement - assert true: null

2018-07-18 17:10:17 - [TEST_STEP][PASSED] - verifyElementText: Actual text and expected text of test object 'Object Repository/OMVA_UserManagement_Page/SaveExit_button_Htext' are matched.

2018-07-18 17:10:17 - [MESSAGE][PASSED] - Actual text and expected text of test object 'Object Repository/OMVA_UserManagement_Page/SaveExit_button_Htext' are matched.

2018-07-18 17:10:17 - [TEST_STEP][PASSED] - delay: Delayed 2 second(s)

2018-07-18 17:10:19 - [MESSAGE][PASSED] - Delayed 2 second(s)

2018-07-18 17:10:19 - [TEST_STEP][PASSED] - verifyElementText: Actual text and expected text of test object 'Object Repository/OMVA_UserManagement_Page/SaveExit_button_Popup_Ctext' are matched.

2018-07-18 17:10:19 - [MESSAGE][PASSED] - Actual text and expected text of test object 'Object Repository/OMVA_UserManagement_Page/SaveExit_button_Popup_Ctext' are matched.

2018-07-18 17:10:19 - [TEST_STEP][PASSED] - Statement - assert true: null

2018-07-18 17:10:19 - [TEST_STEP][PASSED] - click: Object: 'Object Repository/OMVA_UserManagement_Page/SaveExit_button_Popup_OK' is clicked on

2018-07-18 17:10:19 - [MESSAGE][PASSED] - Object: 'Object Repository/OMVA_UserManagement_Page/SaveExit_button_Popup_OK' is clicked on

2018-07-18 17:10:19 - [TEST_STEP][PASSED] - Statement - greetingtext = com.kms.katalon.core.webui.keyword.WebUiBuiltInKeywords.getText(com.kms.katalon.core.testobject.ObjectRepository.findTestObject(OMVA_Landing_Page/Greeting_Label)): Text of object 'Object Repository/OMVA_Landing_Page/Greeting_Label' is: 'Good Evening, SuperAdmin'

2018-07-18 17:10:19 - [MESSAGE][PASSED] - Text of object 'Object Repository/OMVA_Landing_Page/Greeting_Label' is: 'Good Evening, SuperAdmin'

2018-07-18 17:10:19 - [TEST_STEP][PASSED] - verifyMatch: Actual text 'Good Evening, SuperAdmin' and expected text '\D*SuperAdmin' are matched  using regular expression

2018-07-18 17:10:19 - [MESSAGE][PASSED] - Actual text 'Good Evening, SuperAdmin' and expected text '\D*SuperAdmin' are matched  using regular expression

2018-07-18 17:10:19 - [TEST_STEP][PASSED] - closeBrowser: Browser is closed

2018-07-18 17:10:20 - [MESSAGE][PASSED] - Browser is closed]]></system-out>
         <system-err><![CDATA[]]></system-err>
      </testcase>
      <testcase name="Test Cases/UserManagementTestCases/CreateUser/Verifying_Duplicate_EmailID" classname="Test Cases/UserManagementTestCases/CreateUser/Verifying_Duplicate_EmailID" status="PASSED">
         <system-out><![CDATA[2018-07-18 17:10:20 - [TEST_CASE][PASSED] - Test Cases/UserManagementTestCases/CreateUser/Verifying_Duplicate_EmailID: Test Cases/UserManagementTestCases/CreateUser/Verifying_Duplicate_EmailID

2018-07-18 17:10:20 - [TEST_STEP][PASSED] - callTestCase: Call Test Case 'Test Cases/CommonTestcases/OpenBrowserandNavigateToQAURL' successfully

2018-07-18 17:10:20 - [TEST_CASE][PASSED] - Test Cases/CommonTestcases/OpenBrowserandNavigateToQAURL: Test Cases/CommonTestcases/OpenBrowserandNavigateToQAURL

2018-07-18 17:10:20 - [TEST_STEP][PASSED] - openBrowser: Browser is opened with url: ''

2018-07-18 17:10:23 - [MESSAGE][PASSED] - Browser is opened with url: ''

2018-07-18 17:10:23 - [TEST_STEP][PASSED] - navigateToUrl: Navigate to 'https://coa-demo-env.azurewebsites.net/da/index.html#/login' successfully

2018-07-18 17:10:36 - [MESSAGE][PASSED] - Navigate to 'https://coa-demo-env.azurewebsites.net/da/index.html#/login' successfully

2018-07-18 17:10:36 - [TEST_STEP][PASSED] - maximizeWindow: Current window maximized

2018-07-18 17:10:37 - [MESSAGE][PASSED] - Current window maximized

2018-07-18 17:10:37 - [MESSAGE][PASSED] - Call Test Case 'Test Cases/CommonTestcases/OpenBrowserandNavigateToQAURL' successfully

2018-07-18 17:10:37 - [TEST_STEP][PASSED] - waitForElementVisible: Object 'Object Repository/OMVA_Login_Page/Username_Textbox' is visible

2018-07-18 17:10:37 - [MESSAGE][PASSED] - Object 'Object Repository/OMVA_Login_Page/Username_Textbox' is visible

2018-07-18 17:10:37 - [TEST_STEP][PASSED] - sendKeys: Keys 'SuperAdmin' sent to object: 'Object Repository/OMVA_Login_Page/Username_Textbox'

2018-07-18 17:10:37 - [MESSAGE][PASSED] - Keys 'SuperAdmin' sent to object: 'Object Repository/OMVA_Login_Page/Username_Textbox'

2018-07-18 17:10:37 - [TEST_STEP][PASSED] - click: Object: 'Object Repository/OMVA_Login_Page/Next_Button' is clicked on

2018-07-18 17:10:37 - [MESSAGE][PASSED] - Object: 'Object Repository/OMVA_Login_Page/Next_Button' is clicked on

2018-07-18 17:10:37 - [TEST_STEP][PASSED] - waitForElementVisible: Object 'Object Repository/OMVA_Login_Page/Password_Textbox' is visible

2018-07-18 17:10:38 - [MESSAGE][PASSED] - Object 'Object Repository/OMVA_Login_Page/Password_Textbox' is visible

2018-07-18 17:10:38 - [TEST_STEP][PASSED] - sendKeys: Keys 'SuperAdmin' sent to object: 'Object Repository/OMVA_Login_Page/Password_Textbox'

2018-07-18 17:10:38 - [MESSAGE][PASSED] - Keys 'SuperAdmin' sent to object: 'Object Repository/OMVA_Login_Page/Password_Textbox'

2018-07-18 17:10:38 - [TEST_STEP][PASSED] - click: Object: 'Object Repository/OMVA_Login_Page/Signin_Button' is clicked on

2018-07-18 17:10:39 - [MESSAGE][PASSED] - Object: 'Object Repository/OMVA_Login_Page/Signin_Button' is clicked on

2018-07-18 17:10:39 - [TEST_STEP][PASSED] - waitForPageLoad: Wait for page load successfully

2018-07-18 17:10:39 - [MESSAGE][PASSED] - Wait for page load successfully

2018-07-18 17:10:39 - [TEST_STEP][PASSED] - delay: Delayed 4 second(s)

2018-07-18 17:10:43 - [MESSAGE][PASSED] - Delayed 4 second(s)

2018-07-18 17:10:43 - [TEST_STEP][PASSED] - Statement - If (true): null

2018-07-18 17:10:43 - [TEST_STEP][PASSED] - waitForElementPresent: Object 'Object Repository/OMVA_Landing_Page/CreateUser_Button' is present

2018-07-18 17:10:43 - [MESSAGE][PASSED] - Object 'Object Repository/OMVA_Landing_Page/CreateUser_Button' is present

2018-07-18 17:10:43 - [TEST_STEP][PASSED] - click: Object: 'Object Repository/OMVA_Landing_Page/CreateUser_Button' is clicked on

2018-07-18 17:10:44 - [MESSAGE][PASSED] - Object: 'Object Repository/OMVA_Landing_Page/CreateUser_Button' is clicked on

2018-07-18 17:10:44 - [TEST_STEP][PASSED] - Statement - assert true: null

2018-07-18 17:10:44 - [TEST_STEP][PASSED] - waitForElementPresent: Object 'Object Repository/OMVA_UserManagement_Page/Role_Dropdown' is present

2018-07-18 17:10:44 - [MESSAGE][PASSED] - Object 'Object Repository/OMVA_UserManagement_Page/Role_Dropdown' is present

2018-07-18 17:10:44 - [TEST_STEP][PASSED] - delay: Delayed 3 second(s)

2018-07-18 17:10:47 - [MESSAGE][PASSED] - Delayed 3 second(s)

2018-07-18 17:10:47 - [TEST_STEP][PASSED] - click: Object: 'Object Repository/OMVA_UserManagement_Page/Role_Dropdown' is clicked on

2018-07-18 17:10:47 - [MESSAGE][PASSED] - Object: 'Object Repository/OMVA_UserManagement_Page/Role_Dropdown' is clicked on

2018-07-18 17:10:47 - [TEST_STEP][PASSED] - scrollToElement: Scroll to object 'Object Repository/OMVA_UserManagement_Page/DropdownOption_RoleDropdown_Market Admin' successfully

2018-07-18 17:10:47 - [MESSAGE][WARNING] - Timeout '0' is invalid. Using default page load timeout: '15'

2018-07-18 17:10:47 - [MESSAGE][PASSED] - Scroll to object 'Object Repository/OMVA_UserManagement_Page/DropdownOption_RoleDropdown_Market Admin' successfully

2018-07-18 17:10:47 - [TEST_STEP][PASSED] - click: Object: 'Object Repository/OMVA_UserManagement_Page/DropdownOption_RoleDropdown_Market Admin' is clicked on

2018-07-18 17:10:47 - [MESSAGE][PASSED] - Object: 'Object Repository/OMVA_UserManagement_Page/DropdownOption_RoleDropdown_Market Admin' is clicked on

2018-07-18 17:10:47 - [TEST_STEP][PASSED] - Statement - username = CustomKeywords.commonLibrary.commonFunctions.randomStringFunction("abcdefghijklmnopqrstuvwxyz", 6): commonLibrary.commonFunctions.randomStringFunction is PASSED

2018-07-18 17:10:47 - [MESSAGE][PASSED] - commonLibrary.commonFunctions.randomStringFunction is PASSED

2018-07-18 17:10:47 - [TEST_STEP][PASSED] - sendKeys: Keys 'injufv' sent to object: 'Object Repository/OMVA_UserManagement_Page/UserName_Textbox'

2018-07-18 17:10:47 - [MESSAGE][PASSED] - Keys 'injufv' sent to object: 'Object Repository/OMVA_UserManagement_Page/UserName_Textbox'

2018-07-18 17:10:47 - [TEST_STEP][PASSED] - sendKeys: Keys 'santosh@k.com' sent to object: 'Object Repository/OMVA_UserManagement_Page/EmailID_Textbox'

2018-07-18 17:10:48 - [MESSAGE][PASSED] - Keys 'santosh@k.com' sent to object: 'Object Repository/OMVA_UserManagement_Page/EmailID_Textbox'

2018-07-18 17:10:48 - [TEST_STEP][PASSED] - sendKeys: Keys 'santosh' sent to object: 'Object Repository/OMVA_UserManagement_Page/FirstName_Textbox'

2018-07-18 17:10:48 - [MESSAGE][PASSED] - Keys 'santosh' sent to object: 'Object Repository/OMVA_UserManagement_Page/FirstName_Textbox'

2018-07-18 17:10:48 - [TEST_STEP][PASSED] - sendKeys: Keys 'k' sent to object: 'Object Repository/OMVA_UserManagement_Page/LastName_Textbox'

2018-07-18 17:10:48 - [MESSAGE][PASSED] - Keys 'k' sent to object: 'Object Repository/OMVA_UserManagement_Page/LastName_Textbox'

2018-07-18 17:10:48 - [TEST_STEP][PASSED] - sendKeys: Keys '1212' sent to object: 'Object Repository/OMVA_UserManagement_Page/TicketNumber_Textbox'

2018-07-18 17:10:48 - [MESSAGE][PASSED] - Keys '1212' sent to object: 'Object Repository/OMVA_UserManagement_Page/TicketNumber_Textbox'

2018-07-18 17:10:48 - [TEST_STEP][PASSED] - click: Object: 'Object Repository/OMVA_UserManagement_Page/Next_Button' is clicked on

2018-07-18 17:10:49 - [MESSAGE][PASSED] - Object: 'Object Repository/OMVA_UserManagement_Page/Next_Button' is clicked on

2018-07-18 17:10:49 - [TEST_STEP][PASSED] - Statement - ActualToastMessage = com.kms.katalon.core.webui.keyword.WebUiBuiltInKeywords.getText(com.kms.katalon.core.testobject.ObjectRepository.findTestObject(OMVA_UserManagement_Page/EmailID_ToastMsg)): Text of object 'Object Repository/OMVA_UserManagement_Page/EmailID_ToastMsg' is: 'Email ID already exists.'

2018-07-18 17:10:49 - [MESSAGE][PASSED] - Text of object 'Object Repository/OMVA_UserManagement_Page/EmailID_ToastMsg' is: 'Email ID already exists.'

2018-07-18 17:10:49 - [TEST_STEP][PASSED] - verifyMatch: Actual text 'Email ID already exists.' and expected text 'Email ID already exists.' are matched  using regular expression

2018-07-18 17:10:49 - [MESSAGE][PASSED] - Actual text 'Email ID already exists.' and expected text 'Email ID already exists.' are matched  using regular expression

2018-07-18 17:10:49 - [TEST_STEP][PASSED] - closeBrowser: Browser is closed

2018-07-18 17:10:50 - [MESSAGE][PASSED] - Browser is closed]]></system-out>
         <system-err><![CDATA[]]></system-err>
      </testcase>
      <testcase name="Test Cases/UserManagementTestCases/UserActions/Activate_User" classname="Test Cases/UserManagementTestCases/UserActions/Activate_User" status="PASSED">
         <system-out><![CDATA[2018-07-18 17:10:50 - [TEST_CASE][PASSED] - Test Cases/UserManagementTestCases/UserActions/Activate_User: Test Cases/UserManagementTestCases/UserActions/Activate_User

2018-07-18 17:10:51 - [TEST_STEP][PASSED] - callTestCase: Call Test Case 'Test Cases/CommonTestcases/OpenBrowserandNavigateToQAURL' successfully

2018-07-18 17:10:51 - [TEST_CASE][PASSED] - Test Cases/CommonTestcases/OpenBrowserandNavigateToQAURL: Test Cases/CommonTestcases/OpenBrowserandNavigateToQAURL

2018-07-18 17:10:51 - [TEST_STEP][PASSED] - openBrowser: Browser is opened with url: ''

2018-07-18 17:10:53 - [MESSAGE][PASSED] - Browser is opened with url: ''

2018-07-18 17:10:53 - [TEST_STEP][PASSED] - navigateToUrl: Navigate to 'https://coa-demo-env.azurewebsites.net/da/index.html#/login' successfully

2018-07-18 17:11:02 - [MESSAGE][PASSED] - Navigate to 'https://coa-demo-env.azurewebsites.net/da/index.html#/login' successfully

2018-07-18 17:11:02 - [TEST_STEP][PASSED] - maximizeWindow: Current window maximized

2018-07-18 17:11:03 - [MESSAGE][PASSED] - Current window maximized

2018-07-18 17:11:03 - [MESSAGE][PASSED] - Call Test Case 'Test Cases/CommonTestcases/OpenBrowserandNavigateToQAURL' successfully

2018-07-18 17:11:03 - [TEST_STEP][PASSED] - waitForElementVisible: Object 'Object Repository/OMVA_Login_Page/Username_Textbox' is visible

2018-07-18 17:11:03 - [MESSAGE][PASSED] - Object 'Object Repository/OMVA_Login_Page/Username_Textbox' is visible

2018-07-18 17:11:03 - [TEST_STEP][PASSED] - sendKeys: Keys 'SuperAdmin' sent to object: 'Object Repository/OMVA_Login_Page/Username_Textbox'

2018-07-18 17:11:03 - [MESSAGE][PASSED] - Keys 'SuperAdmin' sent to object: 'Object Repository/OMVA_Login_Page/Username_Textbox'

2018-07-18 17:11:03 - [TEST_STEP][PASSED] - click: Object: 'Object Repository/OMVA_Login_Page/Next_Button' is clicked on

2018-07-18 17:11:03 - [MESSAGE][PASSED] - Object: 'Object Repository/OMVA_Login_Page/Next_Button' is clicked on

2018-07-18 17:11:03 - [TEST_STEP][PASSED] - waitForElementVisible: Object 'Object Repository/OMVA_Login_Page/Password_Textbox' is visible

2018-07-18 17:11:04 - [MESSAGE][PASSED] - Object 'Object Repository/OMVA_Login_Page/Password_Textbox' is visible

2018-07-18 17:11:04 - [TEST_STEP][PASSED] - sendKeys: Keys 'SuperAdmin' sent to object: 'Object Repository/OMVA_Login_Page/Password_Textbox'

2018-07-18 17:11:04 - [MESSAGE][PASSED] - Keys 'SuperAdmin' sent to object: 'Object Repository/OMVA_Login_Page/Password_Textbox'

2018-07-18 17:11:04 - [TEST_STEP][PASSED] - click: Object: 'Object Repository/OMVA_Login_Page/Signin_Button' is clicked on

2018-07-18 17:11:04 - [MESSAGE][PASSED] - Object: 'Object Repository/OMVA_Login_Page/Signin_Button' is clicked on

2018-07-18 17:11:04 - [TEST_STEP][PASSED] - waitForPageLoad: Wait for page load successfully

2018-07-18 17:11:04 - [MESSAGE][PASSED] - Wait for page load successfully

2018-07-18 17:11:04 - [TEST_STEP][PASSED] - delay: Delayed 5 second(s)

2018-07-18 17:11:09 - [MESSAGE][PASSED] - Delayed 5 second(s)

2018-07-18 17:11:09 - [TEST_STEP][PASSED] - waitForElementPresent: Object 'Object Repository/OMVA_Landing_Page/CreateUser_Button' is present

2018-07-18 17:11:09 - [MESSAGE][PASSED] - Object 'Object Repository/OMVA_Landing_Page/CreateUser_Button' is present

2018-07-18 17:11:09 - [TEST_STEP][PASSED] - click: Object: 'Object Repository/OMVA_Landing_Page/CreateUser_Button' is clicked on

2018-07-18 17:11:10 - [MESSAGE][PASSED] - Object: 'Object Repository/OMVA_Landing_Page/CreateUser_Button' is clicked on

2018-07-18 17:11:10 - [TEST_STEP][PASSED] - delay: Delayed 3 second(s)

2018-07-18 17:11:13 - [MESSAGE][PASSED] - Delayed 3 second(s)

2018-07-18 17:11:13 - [TEST_STEP][PASSED] - waitForElementPresent: Object 'Object Repository/OMVA_UserManagement_Page/Role_Dropdown' is present

2018-07-18 17:11:13 - [MESSAGE][PASSED] - Object 'Object Repository/OMVA_UserManagement_Page/Role_Dropdown' is present

2018-07-18 17:11:13 - [TEST_STEP][PASSED] - Statement - If (true): null

2018-07-18 17:11:13 - [TEST_STEP][PASSED] - click: Object: 'Object Repository/OMVA_UserManagement_Page/Role_Dropdown' is clicked on

2018-07-18 17:11:13 - [MESSAGE][PASSED] - Object: 'Object Repository/OMVA_UserManagement_Page/Role_Dropdown' is clicked on

2018-07-18 17:11:13 - [TEST_STEP][PASSED] - Statement - assert true: null

2018-07-18 17:11:13 - [TEST_STEP][PASSED] - scrollToElement: Scroll to object 'Object Repository/OMVA_UserManagement_Page/DropdownOption_RoleDropdown_Market Admin' successfully

2018-07-18 17:11:13 - [MESSAGE][WARNING] - Timeout '0' is invalid. Using default page load timeout: '15'

2018-07-18 17:11:13 - [MESSAGE][PASSED] - Scroll to object 'Object Repository/OMVA_UserManagement_Page/DropdownOption_RoleDropdown_Market Admin' successfully

2018-07-18 17:11:13 - [TEST_STEP][PASSED] - click: Object: 'Object Repository/OMVA_UserManagement_Page/DropdownOption_RoleDropdown_Market Admin' is clicked on

2018-07-18 17:11:13 - [MESSAGE][PASSED] - Object: 'Object Repository/OMVA_UserManagement_Page/DropdownOption_RoleDropdown_Market Admin' is clicked on

2018-07-18 17:11:13 - [TEST_STEP][PASSED] - Statement - username = CustomKeywords.commonLibrary.commonFunctions.randomStringFunction("abcdefghijklmnopqrstuvwxyz", 6): commonLibrary.commonFunctions.randomStringFunction is PASSED

2018-07-18 17:11:13 - [MESSAGE][PASSED] - commonLibrary.commonFunctions.randomStringFunction is PASSED

2018-07-18 17:11:13 - [TEST_STEP][PASSED] - sendKeys: Keys 'mlmnwg' sent to object: 'Object Repository/OMVA_UserManagement_Page/UserName_Textbox'

2018-07-18 17:11:14 - [MESSAGE][PASSED] - Keys 'mlmnwg' sent to object: 'Object Repository/OMVA_UserManagement_Page/UserName_Textbox'

2018-07-18 17:11:14 - [TEST_STEP][PASSED] - Statement - emailidprefix = CustomKeywords.commonLibrary.commonFunctions.randomStringFunction("abcdefghijklmnopqrstuvwxyz", 9): commonLibrary.commonFunctions.randomStringFunction is PASSED

2018-07-18 17:11:14 - [MESSAGE][PASSED] - commonLibrary.commonFunctions.randomStringFunction is PASSED

2018-07-18 17:11:14 - [TEST_STEP][PASSED] - sendKeys: Keys 'yqsqamisr@autotestpg.com' sent to object: 'Object Repository/OMVA_UserManagement_Page/EmailID_Textbox'

2018-07-18 17:11:14 - [MESSAGE][PASSED] - Keys 'yqsqamisr@autotestpg.com' sent to object: 'Object Repository/OMVA_UserManagement_Page/EmailID_Textbox'

2018-07-18 17:11:14 - [TEST_STEP][PASSED] - Statement - firstname = CustomKeywords.commonLibrary.commonFunctions.randomStringFunction("abcdefghijklmnopqrstuvwxyz", 7): commonLibrary.commonFunctions.randomStringFunction is PASSED

2018-07-18 17:11:14 - [MESSAGE][PASSED] - commonLibrary.commonFunctions.randomStringFunction is PASSED

2018-07-18 17:11:14 - [TEST_STEP][PASSED] - sendKeys: Keys 'vuiqjap' sent to object: 'Object Repository/OMVA_UserManagement_Page/FirstName_Textbox'

2018-07-18 17:11:15 - [MESSAGE][PASSED] - Keys 'vuiqjap' sent to object: 'Object Repository/OMVA_UserManagement_Page/FirstName_Textbox'

2018-07-18 17:11:15 - [TEST_STEP][PASSED] - Statement - lastname = CustomKeywords.commonLibrary.commonFunctions.randomStringFunction("abcdefghijklmnopqrstuvwxyz", 7): commonLibrary.commonFunctions.randomStringFunction is PASSED

2018-07-18 17:11:15 - [MESSAGE][PASSED] - commonLibrary.commonFunctions.randomStringFunction is PASSED

2018-07-18 17:11:15 - [TEST_STEP][PASSED] - sendKeys: Keys 'ksjbgsc' sent to object: 'Object Repository/OMVA_UserManagement_Page/LastName_Textbox'

2018-07-18 17:11:15 - [MESSAGE][PASSED] - Keys 'ksjbgsc' sent to object: 'Object Repository/OMVA_UserManagement_Page/LastName_Textbox'

2018-07-18 17:11:15 - [TEST_STEP][PASSED] - Statement - ticketnum = CustomKeywords.commonLibrary.commonFunctions.randomStringFunction("123456789", 7): commonLibrary.commonFunctions.randomStringFunction is PASSED

2018-07-18 17:11:15 - [MESSAGE][PASSED] - commonLibrary.commonFunctions.randomStringFunction is PASSED

2018-07-18 17:11:15 - [TEST_STEP][PASSED] - sendKeys: Keys '1115966' sent to object: 'Object Repository/OMVA_UserManagement_Page/TicketNumber_Textbox'

2018-07-18 17:11:15 - [MESSAGE][PASSED] - Keys '1115966' sent to object: 'Object Repository/OMVA_UserManagement_Page/TicketNumber_Textbox'

2018-07-18 17:11:15 - [TEST_STEP][PASSED] - click: Object: 'Object Repository/OMVA_UserManagement_Page/Next_Button_Update' is clicked on

2018-07-18 17:11:15 - [MESSAGE][PASSED] - Object: 'Object Repository/OMVA_UserManagement_Page/Next_Button_Update' is clicked on

2018-07-18 17:11:15 - [TEST_STEP][PASSED] - applicationLibrary.checkboxMultiselection.multiselectCheckbox: applicationLibrary.checkboxMultiselection.multiselectCheckbox is PASSED

2018-07-18 17:11:18 - [MESSAGE][PASSED] - applicationLibrary.checkboxMultiselection.multiselectCheckbox is PASSED

2018-07-18 17:11:18 - [TEST_STEP][PASSED] - scrollToElement: Scroll to object 'Object Repository/OMVA_UserManagement_Page/Customer_Next_Btn' successfully

2018-07-18 17:11:18 - [MESSAGE][PASSED] - Scroll to object 'Object Repository/OMVA_UserManagement_Page/Customer_Next_Btn' successfully

2018-07-18 17:11:18 - [TEST_STEP][PASSED] - click: Object: 'Object Repository/OMVA_UserManagement_Page/Customer_Next_Btn' is clicked on

2018-07-18 17:11:18 - [MESSAGE][PASSED] - Object: 'Object Repository/OMVA_UserManagement_Page/Customer_Next_Btn' is clicked on

2018-07-18 17:11:18 - [TEST_STEP][PASSED] - applicationLibrary.checkboxMultiselection.multiselectCheckbox: applicationLibrary.checkboxMultiselection.multiselectCheckbox is PASSED

2018-07-18 17:11:20 - [MESSAGE][PASSED] - applicationLibrary.checkboxMultiselection.multiselectCheckbox is PASSED

2018-07-18 17:11:20 - [TEST_STEP][PASSED] - click: Object: 'Object Repository/OMVA_UserManagement_Page/UserCreation_Save_Btn' is clicked on

2018-07-18 17:11:21 - [MESSAGE][PASSED] - Object: 'Object Repository/OMVA_UserManagement_Page/UserCreation_Save_Btn' is clicked on

2018-07-18 17:11:21 - [TEST_STEP][PASSED] - waitForElementPresent: Object 'Object Repository/OMVA_UserManagement_Page/UserCreation_HeaderTxt' is present

2018-07-18 17:11:21 - [MESSAGE][PASSED] - Object 'Object Repository/OMVA_UserManagement_Page/UserCreation_HeaderTxt' is present

2018-07-18 17:11:21 - [TEST_STEP][PASSED] - verifyElementText: Actual text and expected text of test object 'Object Repository/OMVA_UserManagement_Page/UserCreation_HeaderTxt' are matched.

2018-07-18 17:11:21 - [MESSAGE][PASSED] - Actual text and expected text of test object 'Object Repository/OMVA_UserManagement_Page/UserCreation_HeaderTxt' are matched.

2018-07-18 17:11:21 - [TEST_STEP][PASSED] - verifyElementText: Actual text and expected text of test object 'Object Repository/OMVA_UserManagement_Page/UserCreation_ContentTxt' are matched.

2018-07-18 17:11:22 - [MESSAGE][PASSED] - Actual text and expected text of test object 'Object Repository/OMVA_UserManagement_Page/UserCreation_ContentTxt' are matched.

2018-07-18 17:11:22 - [TEST_STEP][PASSED] - click: Object: 'Object Repository/OMVA_UserManagement_Page/UserCreation_OK_Btn' is clicked on

2018-07-18 17:11:22 - [MESSAGE][PASSED] - Object: 'Object Repository/OMVA_UserManagement_Page/UserCreation_OK_Btn' is clicked on

2018-07-18 17:11:22 - [TEST_STEP][PASSED] - delay: Delayed 5 second(s)

2018-07-18 17:11:27 - [MESSAGE][PASSED] - Delayed 5 second(s)

2018-07-18 17:11:27 - [TEST_STEP][PASSED] - waitForElementPresent: Object 'Object Repository/OMVA_UserManagement_Page/Created_User_Username' is present

2018-07-18 17:11:27 - [MESSAGE][PASSED] - Object 'Object Repository/OMVA_UserManagement_Page/Created_User_Username' is present

2018-07-18 17:11:27 - [TEST_STEP][PASSED] - Statement - createdNewuser = com.kms.katalon.core.webui.keyword.WebUiBuiltInKeywords.getText(com.kms.katalon.core.testobject.ObjectRepository.findTestObject(OMVA_UserManagement_Page/Created_User_Username)): Text of object 'Object Repository/OMVA_UserManagement_Page/Created_User_Username' is: 'vuiqjap ksjbgsc'

2018-07-18 17:11:27 - [MESSAGE][PASSED] - Text of object 'Object Repository/OMVA_UserManagement_Page/Created_User_Username' is: 'vuiqjap ksjbgsc'

2018-07-18 17:11:27 - [TEST_STEP][PASSED] - Statement - uname = createdNewuser.toString(): null

2018-07-18 17:11:27 - [TEST_STEP][PASSED] - Statement - createduser = com.kms.katalon.core.webui.keyword.WebUiBuiltInKeywords.verifyMatch(createdNewuser, firstname + " " + lastname, true): Actual text 'vuiqjap ksjbgsc' and expected text 'vuiqjap ksjbgsc' are matched  using regular expression

2018-07-18 17:11:27 - [MESSAGE][PASSED] - Actual text 'vuiqjap ksjbgsc' and expected text 'vuiqjap ksjbgsc' are matched  using regular expression

2018-07-18 17:11:27 - [TEST_STEP][PASSED] - delay: Delayed 5 second(s)

2018-07-18 17:11:32 - [MESSAGE][PASSED] - Delayed 5 second(s)

2018-07-18 17:11:32 - [TEST_STEP][PASSED] - applicationLibrary.ClicksCreatedUserDashboard.editUser: applicationLibrary.ClicksCreatedUserDashboard.editUser is PASSED

2018-07-18 17:11:33 - [MESSAGE][PASSED] - applicationLibrary.ClicksCreatedUserDashboard.editUser is PASSED

2018-07-18 17:11:33 - [TEST_STEP][PASSED] - delay: Delayed 5 second(s)

2018-07-18 17:11:38 - [MESSAGE][PASSED] - Delayed 5 second(s)

2018-07-18 17:11:38 - [TEST_STEP][PASSED] - waitForElementVisible: Object 'Object Repository/OMVA_Landing_Page/Act_DeAct_Radio_Btn' is visible

2018-07-18 17:11:38 - [MESSAGE][PASSED] - Object 'Object Repository/OMVA_Landing_Page/Act_DeAct_Radio_Btn' is visible

2018-07-18 17:11:38 - [TEST_STEP][PASSED] - click: Object: 'Object Repository/OMVA_Landing_Page/Act_DeAct_Radio_Btn' is clicked on

2018-07-18 17:11:38 - [MESSAGE][PASSED] - Object: 'Object Repository/OMVA_Landing_Page/Act_DeAct_Radio_Btn' is clicked on

2018-07-18 17:11:38 - [TEST_STEP][PASSED] - waitForElementVisible: Object 'Object Repository/OMVA_EditUser_Page/SaveExit_Btn' is visible

2018-07-18 17:11:38 - [MESSAGE][PASSED] - Object 'Object Repository/OMVA_EditUser_Page/SaveExit_Btn' is visible

2018-07-18 17:11:38 - [TEST_STEP][PASSED] - click: Object: 'Object Repository/OMVA_EditUser_Page/SaveExit_Btn' is clicked on

2018-07-18 17:11:38 - [MESSAGE][PASSED] - Object: 'Object Repository/OMVA_EditUser_Page/SaveExit_Btn' is clicked on

2018-07-18 17:11:38 - [TEST_STEP][PASSED] - waitForElementVisible: Object 'Object Repository/OMVA_EditUser_Page/DeactivateUser_HeaderTxt' is visible

2018-07-18 17:11:39 - [MESSAGE][PASSED] - Object 'Object Repository/OMVA_EditUser_Page/DeactivateUser_HeaderTxt' is visible

2018-07-18 17:11:39 - [TEST_STEP][PASSED] - Statement - AHeaderTxt = com.kms.katalon.core.webui.keyword.WebUiBuiltInKeywords.getText(com.kms.katalon.core.testobject.ObjectRepository.findTestObject(OMVA_EditUser_Page/DeactivateUser_HeaderTxt)): Text of object 'Object Repository/OMVA_EditUser_Page/DeactivateUser_HeaderTxt' is: 'Confirm Deactivation'

2018-07-18 17:11:39 - [MESSAGE][PASSED] - Text of object 'Object Repository/OMVA_EditUser_Page/DeactivateUser_HeaderTxt' is: 'Confirm Deactivation'

2018-07-18 17:11:39 - [TEST_STEP][PASSED] - verifyMatch: Actual text 'Confirm Deactivation' and expected text 'Confirm Deactivation' are matched  using regular expression

2018-07-18 17:11:39 - [MESSAGE][PASSED] - Actual text 'Confirm Deactivation' and expected text 'Confirm Deactivation' are matched  using regular expression

2018-07-18 17:11:39 - [TEST_STEP][PASSED] - delay: Delayed 5 second(s)

2018-07-18 17:11:44 - [MESSAGE][PASSED] - Delayed 5 second(s)

2018-07-18 17:11:44 - [TEST_STEP][PASSED] - waitForElementVisible: Object 'Object Repository/OMVA_EditUser_Page/EditUser_OkPopupButton' is visible

2018-07-18 17:11:44 - [MESSAGE][PASSED] - Object 'Object Repository/OMVA_EditUser_Page/EditUser_OkPopupButton' is visible

2018-07-18 17:11:44 - [TEST_STEP][PASSED] - click: Object: 'Object Repository/OMVA_EditUser_Page/EditUser_OkPopupButton' is clicked on

2018-07-18 17:11:45 - [MESSAGE][PASSED] - Object: 'Object Repository/OMVA_EditUser_Page/EditUser_OkPopupButton' is clicked on

2018-07-18 17:11:45 - [TEST_STEP][PASSED] - waitForElementVisible: Object 'Object Repository/OMVA_Landing_Page/DeactiveUserEdit_Icon' is visible

2018-07-18 17:11:46 - [MESSAGE][PASSED] - Object 'Object Repository/OMVA_Landing_Page/DeactiveUserEdit_Icon' is visible

2018-07-18 17:11:46 - [TEST_STEP][PASSED] - click: Object: 'Object Repository/OMVA_Landing_Page/DeactiveUserEdit_Icon' is clicked on

2018-07-18 17:11:46 - [MESSAGE][PASSED] - Object: 'Object Repository/OMVA_Landing_Page/DeactiveUserEdit_Icon' is clicked on

2018-07-18 17:11:46 - [TEST_STEP][PASSED] - delay: Delayed 5 second(s)

2018-07-18 17:11:51 - [MESSAGE][PASSED] - Delayed 5 second(s)

2018-07-18 17:11:51 - [TEST_STEP][PASSED] - waitForElementVisible: Object 'Object Repository/OMVA_Landing_Page/Act_DeAct_Radio_Btn' is visible

2018-07-18 17:11:51 - [MESSAGE][PASSED] - Object 'Object Repository/OMVA_Landing_Page/Act_DeAct_Radio_Btn' is visible

2018-07-18 17:11:51 - [TEST_STEP][PASSED] - click: Object: 'Object Repository/OMVA_Landing_Page/Act_DeAct_Radio_Btn' is clicked on

2018-07-18 17:11:52 - [MESSAGE][PASSED] - Object: 'Object Repository/OMVA_Landing_Page/Act_DeAct_Radio_Btn' is clicked on

2018-07-18 17:11:52 - [TEST_STEP][PASSED] - waitForElementVisible: Object 'Object Repository/OMVA_EditUser_Page/EditUserNext_Btn' is visible

2018-07-18 17:11:52 - [MESSAGE][PASSED] - Object 'Object Repository/OMVA_EditUser_Page/EditUserNext_Btn' is visible

2018-07-18 17:11:52 - [TEST_STEP][PASSED] - click: Object: 'Object Repository/OMVA_EditUser_Page/EditUserNext_Btn' is clicked on

2018-07-18 17:11:52 - [MESSAGE][PASSED] - Object: 'Object Repository/OMVA_EditUser_Page/EditUserNext_Btn' is clicked on

2018-07-18 17:11:52 - [TEST_STEP][PASSED] - waitForElementVisible: Object 'Object Repository/OMVA_EditUser_Page/DeactivateUser_HeaderTxt' is visible

2018-07-18 17:11:52 - [MESSAGE][PASSED] - Object 'Object Repository/OMVA_EditUser_Page/DeactivateUser_HeaderTxt' is visible

2018-07-18 17:11:53 - [TEST_STEP][PASSED] - Statement - AHeaderTxt = com.kms.katalon.core.webui.keyword.WebUiBuiltInKeywords.getText(com.kms.katalon.core.testobject.ObjectRepository.findTestObject(OMVA_EditUser_Page/DeactivateUser_HeaderTxt)): Text of object 'Object Repository/OMVA_EditUser_Page/DeactivateUser_HeaderTxt' is: 'Confirm Activation'

2018-07-18 17:11:53 - [MESSAGE][PASSED] - Text of object 'Object Repository/OMVA_EditUser_Page/DeactivateUser_HeaderTxt' is: 'Confirm Activation'

2018-07-18 17:11:53 - [TEST_STEP][PASSED] - verifyMatch: Actual text 'Confirm Activation' and expected text 'Confirm Activation' are matched  using regular expression

2018-07-18 17:11:53 - [MESSAGE][PASSED] - Actual text 'Confirm Activation' and expected text 'Confirm Activation' are matched  using regular expression

2018-07-18 17:11:53 - [TEST_STEP][PASSED] - Statement - AContentTxt = com.kms.katalon.core.webui.keyword.WebUiBuiltInKeywords.getText(com.kms.katalon.core.testobject.ObjectRepository.findTestObject(OMVA_EditUser_Page/DeactivateUser_ContentText)): Text of object 'Object Repository/OMVA_EditUser_Page/DeactivateUser_ContentText' is: 'Are you sure you want to activate vuiqjap ksjbgsc's account?'

2018-07-18 17:11:53 - [MESSAGE][PASSED] - Text of object 'Object Repository/OMVA_EditUser_Page/DeactivateUser_ContentText' is: 'Are you sure you want to activate vuiqjap ksjbgsc's account?'

2018-07-18 17:11:53 - [TEST_STEP][PASSED] - verifyMatch: Actual text 'Are you sure you want to activate vuiqjap ksjbgsc's account?' and expected text 'Are you sure you want to activate\D*' are matched  using regular expression

2018-07-18 17:11:53 - [MESSAGE][PASSED] - Actual text 'Are you sure you want to activate vuiqjap ksjbgsc's account?' and expected text 'Are you sure you want to activate\D*' are matched  using regular expression

2018-07-18 17:11:53 - [TEST_STEP][PASSED] - click: Object: 'Object Repository/OMVA_EditUser_Page/DeactivateUser_OKBtn' is clicked on

2018-07-18 17:11:53 - [MESSAGE][PASSED] - Object: 'Object Repository/OMVA_EditUser_Page/DeactivateUser_OKBtn' is clicked on

2018-07-18 17:11:53 - [TEST_STEP][PASSED] - Statement - AActivateToastMsg = com.kms.katalon.core.webui.keyword.WebUiBuiltInKeywords.getText(com.kms.katalon.core.testobject.ObjectRepository.findTestObject(OMVA_EditUser_Page/Activate_ToastMsg)): Text of object 'Object Repository/OMVA_EditUser_Page/Activate_ToastMsg' is: 'Account Successfully Activated!'

2018-07-18 17:11:54 - [MESSAGE][PASSED] - Text of object 'Object Repository/OMVA_EditUser_Page/Activate_ToastMsg' is: 'Account Successfully Activated!'

2018-07-18 17:11:54 - [TEST_STEP][PASSED] - verifyMatch: Actual text 'Account Successfully Activated!' and expected text 'Account Successfully Activated!' are matched  using regular expression

2018-07-18 17:11:54 - [MESSAGE][PASSED] - Actual text 'Account Successfully Activated!' and expected text 'Account Successfully Activated!' are matched  using regular expression

2018-07-18 17:11:54 - [TEST_STEP][PASSED] - closeBrowser: Browser is closed

2018-07-18 17:11:54 - [MESSAGE][PASSED] - Browser is closed]]></system-out>
         <system-err><![CDATA[]]></system-err>
      </testcase>
      <testcase name="Test Cases/UserManagementTestCases/Login/LogoutAndCloseBrowser" classname="Test Cases/UserManagementTestCases/Login/LogoutAndCloseBrowser" status="PASSED">
         <system-out><![CDATA[2018-07-18 17:11:55 - [TEST_CASE][PASSED] - Test Cases/UserManagementTestCases/Login/LogoutAndCloseBrowser: Test Cases/UserManagementTestCases/Login/LogoutAndCloseBrowser

2018-07-18 17:11:55 - [TEST_STEP][PASSED] - callTestCase: Call Test Case 'Test Cases/CommonTestcases/OpenBrowserandNavigateToQAURL' successfully

2018-07-18 17:11:55 - [TEST_CASE][PASSED] - Test Cases/CommonTestcases/OpenBrowserandNavigateToQAURL: Test Cases/CommonTestcases/OpenBrowserandNavigateToQAURL

2018-07-18 17:11:55 - [TEST_STEP][PASSED] - openBrowser: Browser is opened with url: ''

2018-07-18 17:11:57 - [MESSAGE][PASSED] - Browser is opened with url: ''

2018-07-18 17:11:57 - [TEST_STEP][PASSED] - navigateToUrl: Navigate to 'https://coa-demo-env.azurewebsites.net/da/index.html#/login' successfully

2018-07-18 17:12:09 - [MESSAGE][PASSED] - Navigate to 'https://coa-demo-env.azurewebsites.net/da/index.html#/login' successfully

2018-07-18 17:12:09 - [TEST_STEP][PASSED] - maximizeWindow: Current window maximized

2018-07-18 17:12:10 - [MESSAGE][PASSED] - Current window maximized

2018-07-18 17:12:10 - [MESSAGE][PASSED] - Call Test Case 'Test Cases/CommonTestcases/OpenBrowserandNavigateToQAURL' successfully

2018-07-18 17:12:10 - [TEST_STEP][PASSED] - waitForElementVisible: Object 'Object Repository/OMVA_Login_Page/Username_Textbox' is visible

2018-07-18 17:12:10 - [MESSAGE][PASSED] - Object 'Object Repository/OMVA_Login_Page/Username_Textbox' is visible

2018-07-18 17:12:10 - [TEST_STEP][PASSED] - sendKeys: Keys 'SuperAdmin' sent to object: 'Object Repository/OMVA_Login_Page/Username_Textbox'

2018-07-18 17:12:11 - [MESSAGE][PASSED] - Keys 'SuperAdmin' sent to object: 'Object Repository/OMVA_Login_Page/Username_Textbox'

2018-07-18 17:12:11 - [TEST_STEP][PASSED] - click: Object: 'Object Repository/OMVA_Login_Page/Next_Button' is clicked on

2018-07-18 17:12:11 - [MESSAGE][PASSED] - Object: 'Object Repository/OMVA_Login_Page/Next_Button' is clicked on

2018-07-18 17:12:11 - [TEST_STEP][PASSED] - waitForElementVisible: Object 'Object Repository/OMVA_Login_Page/Password_Textbox' is visible

2018-07-18 17:12:11 - [MESSAGE][PASSED] - Object 'Object Repository/OMVA_Login_Page/Password_Textbox' is visible

2018-07-18 17:12:11 - [TEST_STEP][PASSED] - sendKeys: Keys 'SuperAdmin' sent to object: 'Object Repository/OMVA_Login_Page/Password_Textbox'

2018-07-18 17:12:11 - [MESSAGE][PASSED] - Keys 'SuperAdmin' sent to object: 'Object Repository/OMVA_Login_Page/Password_Textbox'

2018-07-18 17:12:11 - [TEST_STEP][PASSED] - click: Object: 'Object Repository/OMVA_Login_Page/Signin_Button' is clicked on

2018-07-18 17:12:12 - [MESSAGE][PASSED] - Object: 'Object Repository/OMVA_Login_Page/Signin_Button' is clicked on

2018-07-18 17:12:12 - [TEST_STEP][PASSED] - waitForElementPresent: Object 'Object Repository/OMVA_Landing_Page/User_icon' is present

2018-07-18 17:12:12 - [MESSAGE][PASSED] - Object 'Object Repository/OMVA_Landing_Page/User_icon' is present

2018-07-18 17:12:12 - [TEST_STEP][PASSED] - Statement - assert true: null

2018-07-18 17:12:12 - [TEST_STEP][PASSED] - click: Object: 'Object Repository/OMVA_Landing_Page/User_icon' is clicked on

2018-07-18 17:12:14 - [MESSAGE][PASSED] - Object: 'Object Repository/OMVA_Landing_Page/User_icon' is clicked on

2018-07-18 17:12:14 - [TEST_STEP][PASSED] - waitForElementPresent: Object 'Object Repository/OMVA_Landing_Page/Logout_link' is present

2018-07-18 17:12:14 - [MESSAGE][PASSED] - Object 'Object Repository/OMVA_Landing_Page/Logout_link' is present

2018-07-18 17:12:14 - [TEST_STEP][PASSED] - Statement - assert true: null

2018-07-18 17:12:14 - [TEST_STEP][PASSED] - click: Object: 'Object Repository/OMVA_Landing_Page/Logout_link' is clicked on

2018-07-18 17:12:14 - [MESSAGE][PASSED] - Object: 'Object Repository/OMVA_Landing_Page/Logout_link' is clicked on

2018-07-18 17:12:14 - [TEST_STEP][PASSED] - waitForElementNotPresent: Web element with id: 'Object Repository/OMVA_Landing_Page/User_icon' located by 'By.xpath: //img[@id='dropdown']' is not present after '4' second(s)

2018-07-18 17:12:15 - [MESSAGE][PASSED] - Web element with id: 'Object Repository/OMVA_Landing_Page/User_icon' located by 'By.xpath: //img[@id='dropdown']' is not present after '4' second(s)

[...]

2018-07-18 17:20:21 - [TEST_STEP][PASSED] - callTestCase: Call Test Case 'Test Cases/UserManagementTestCases/Login/Invalid_Login' successfully

2018-07-18 17:20:21 - [TEST_CASE][PASSED] - Test Cases/UserManagementTestCases/Login/Invalid_Login: Test Cases/UserManagementTestCases/Login/Invalid_Login

2018-07-18 17:20:21 - [TEST_STEP][PASSED] - callTestCase: Call Test Case 'Test Cases/CommonTestcases/OpenBrowserandNavigateToQAURL' successfully

2018-07-18 17:20:21 - [TEST_CASE][PASSED] - Test Cases/CommonTestcases/OpenBrowserandNavigateToQAURL: Test Cases/CommonTestcases/OpenBrowserandNavigateToQAURL

2018-07-18 17:20:21 - [TEST_STEP][PASSED] - openBrowser: Browser is opened with url: ''

2018-07-18 17:20:24 - [MESSAGE][PASSED] - Browser is opened with url: ''

2018-07-18 17:20:24 - [TEST_STEP][PASSED] - navigateToUrl: Navigate to 'https://coa-demo-env.azurewebsites.net/da/index.html#/login' successfully

2018-07-18 17:20:36 - [MESSAGE][PASSED] - Navigate to 'https://coa-demo-env.azurewebsites.net/da/index.html#/login' successfully

2018-07-18 17:20:36 - [TEST_STEP][PASSED] - maximizeWindow: Current window maximized

2018-07-18 17:20:37 - [MESSAGE][PASSED] - Current window maximized

2018-07-18 17:20:37 - [MESSAGE][PASSED] - Call Test Case 'Test Cases/CommonTestcases/OpenBrowserandNavigateToQAURL' successfully

2018-07-18 17:20:37 - [TEST_STEP][PASSED] - waitForElementVisible: Object 'Object Repository/OMVA_Login_Page/Username_Textbox' is visible

2018-07-18 17:20:37 - [MESSAGE][PASSED] - Object 'Object Repository/OMVA_Login_Page/Username_Textbox' is visible

2018-07-18 17:20:37 - [TEST_STEP][PASSED] - sendKeys: Keys 'Lock' sent to object: 'Object Repository/OMVA_Login_Page/Username_Textbox'

2018-07-18 17:20:38 - [MESSAGE][PASSED] - Keys 'Lock' sent to object: 'Object Repository/OMVA_Login_Page/Username_Textbox'

2018-07-18 17:20:38 - [TEST_STEP][PASSED] - click: Object: 'Object Repository/OMVA_Login_Page/Next_Button' is clicked on

2018-07-18 17:20:38 - [MESSAGE][PASSED] - Object: 'Object Repository/OMVA_Login_Page/Next_Button' is clicked on

2018-07-18 17:20:38 - [TEST_STEP][PASSED] - Statement - If (true): null

2018-07-18 17:20:38 - [TEST_STEP][PASSED] - waitForElementVisible: Object 'Object Repository/OMVA_Login_Page/Password_Textbox' is visible

2018-07-18 17:20:38 - [MESSAGE][PASSED] - Object 'Object Repository/OMVA_Login_Page/Password_Textbox' is visible

2018-07-18 17:20:38 - [TEST_STEP][PASSED] - Statement - assert true: null

2018-07-18 17:20:38 - [TEST_STEP][PASSED] - sendKeys: Keys 'Pwd' sent to object: 'Object Repository/OMVA_Login_Page/Password_Textbox'

2018-07-18 17:20:39 - [MESSAGE][PASSED] - Keys 'Pwd' sent to object: 'Object Repository/OMVA_Login_Page/Password_Textbox'

2018-07-18 17:20:39 - [TEST_STEP][PASSED] - click: Object: 'Object Repository/OMVA_Login_Page/Signin_Button' is clicked on

2018-07-18 17:20:39 - [MESSAGE][PASSED] - Object: 'Object Repository/OMVA_Login_Page/Signin_Button' is clicked on

2018-07-18 17:20:39 - [TEST_STEP][PASSED] - Statement - AHeaderTxt = com.kms.katalon.core.webui.keyword.WebUiBuiltInKeywords.getText(com.kms.katalon.core.testobject.ObjectRepository.findTestObject(OMVA_Login_Page/InvalidLogin_HeaderTxt)): Text of object 'Object Repository/OMVA_Login_Page/InvalidLogin_HeaderTxt' is: 'Invalid Credentials'

2018-07-18 17:20:40 - [MESSAGE][PASSED] - Text of object 'Object Repository/OMVA_Login_Page/InvalidLogin_HeaderTxt' is: 'Invalid Credentials'

2018-07-18 17:20:40 - [TEST_STEP][PASSED] - verifyMatch: Actual text 'Invalid Credentials' and expected text 'Invalid Credentials' are matched  using regular expression

2018-07-18 17:20:40 - [MESSAGE][PASSED] - Actual text 'Invalid Credentials' and expected text 'Invalid Credentials' are matched  using regular expression

2018-07-18 17:20:40 - [TEST_STEP][PASSED] - Statement - AContentTxt = com.kms.katalon.core.webui.keyword.WebUiBuiltInKeywords.getText(com.kms.katalon.core.testobject.ObjectRepository.findTestObject(OMVA_Login_Page/InvalidLogin_ContentTxt)): Text of object 'Object Repository/OMVA_Login_Page/InvalidLogin_ContentTxt' is: 'The specified username / password is invalid. Please try again.'

2018-07-18 17:20:40 - [MESSAGE][PASSED] - Text of object 'Object Repository/OMVA_Login_Page/InvalidLogin_ContentTxt' is: 'The specified username / password is invalid. Please try again.'

2018-07-18 17:20:40 - [TEST_STEP][PASSED] - verifyMatch: Actual text 'The specified username / password is invalid. Please try again.' and expected text 'The specified username / password is invalid. Please try again.' are matched  using regular expression

2018-07-18 17:20:40 - [MESSAGE][PASSED] - Actual text 'The specified username / password is invalid. Please try again.' and expected text 'The specified username / password is invalid. Please try again.' are matched  using regular expression

2018-07-18 17:20:40 - [TEST_STEP][PASSED] - waitForElementVisible: Object 'Object Repository/OMVA_Login_Page/InvalidLogin_OKbtn' is visible

2018-07-18 17:20:40 - [MESSAGE][PASSED] - Object 'Object Repository/OMVA_Login_Page/InvalidLogin_OKbtn' is visible

2018-07-18 17:20:40 - [TEST_STEP][PASSED] - Statement - assert true: null

2018-07-18 17:20:40 - [TEST_STEP][PASSED] - click: Object: 'Object Repository/OMVA_Login_Page/InvalidLogin_OKbtn' is clicked on

2018-07-18 17:20:40 - [MESSAGE][PASSED] - Object: 'Object Repository/OMVA_Login_Page/InvalidLogin_OKbtn' is clicked on

2018-07-18 17:20:40 - [TEST_STEP][PASSED] - closeBrowser: Browser is closed

2018-07-18 17:20:41 - [MESSAGE][PASSED] - Browser is closed

2018-07-18 17:20:41 - [MESSAGE][PASSED] - Call Test Case 'Test Cases/UserManagementTestCases/Login/Invalid_Login' successfully

2018-07-18 17:20:41 - [TEST_STEP][PASSED] - callTestCase: Call Test Case 'Test Cases/UserManagementTestCases/Login/LockUser_Login' successfully

2018-07-18 17:20:41 - [TEST_CASE][PASSED] - Test Cases/UserManagementTestCases/Login/LockUser_Login: Test Cases/UserManagementTestCases/Login/LockUser_Login

2018-07-18 17:20:41 - [TEST_STEP][PASSED] - callTestCase: Call Test Case 'Test Cases/CommonTestcases/OpenBrowserandNavigateToQAURL' successfully

2018-07-18 17:20:41 - [TEST_CASE][PASSED] - Test Cases/CommonTestcases/OpenBrowserandNavigateToQAURL: Test Cases/CommonTestcases/OpenBrowserandNavigateToQAURL

2018-07-18 17:20:41 - [TEST_STEP][PASSED] - openBrowser: Browser is opened with url: ''

2018-07-18 17:20:44 - [MESSAGE][PASSED] - Browser is opened with url: ''

2018-07-18 17:20:44 - [TEST_STEP][PASSED] - navigateToUrl: Navigate to 'https://coa-demo-env.azurewebsites.net/da/index.html#/login' successfully

2018-07-18 17:20:52 - [MESSAGE][PASSED] - Navigate to 'https://coa-demo-env.azurewebsites.net/da/index.html#/login' successfully

2018-07-18 17:20:52 - [TEST_STEP][PASSED] - maximizeWindow: Current window maximized

2018-07-18 17:20:53 - [MESSAGE][PASSED] - Current window maximized

2018-07-18 17:20:53 - [MESSAGE][PASSED] - Call Test Case 'Test Cases/CommonTestcases/OpenBrowserandNavigateToQAURL' successfully

2018-07-18 17:20:53 - [TEST_STEP][PASSED] - waitForElementVisible: Object 'Object Repository/OMVA_Login_Page/Username_Textbox' is visible

2018-07-18 17:20:53 - [MESSAGE][PASSED] - Object 'Object Repository/OMVA_Login_Page/Username_Textbox' is visible

2018-07-18 17:20:53 - [TEST_STEP][PASSED] - sendKeys: Keys 'Lock' sent to object: 'Object Repository/OMVA_Login_Page/Username_Textbox'

2018-07-18 17:20:53 - [MESSAGE][PASSED] - Keys 'Lock' sent to object: 'Object Repository/OMVA_Login_Page/Username_Textbox'

2018-07-18 17:20:53 - [TEST_STEP][PASSED] - click: Object: 'Object Repository/OMVA_Login_Page/Next_Button' is clicked on

2018-07-18 17:20:53 - [MESSAGE][PASSED] - Object: 'Object Repository/OMVA_Login_Page/Next_Button' is clicked on

2018-07-18 17:20:53 - [TEST_STEP][PASSED] - waitForElementVisible: Object 'Object Repository/OMVA_Login_Page/Password_Textbox' is visible

2018-07-18 17:20:54 - [MESSAGE][PASSED] - Object 'Object Repository/OMVA_Login_Page/Password_Textbox' is visible

2018-07-18 17:20:54 - [TEST_STEP][PASSED] - sendKeys: Keys 'Lock' sent to object: 'Object Repository/OMVA_Login_Page/Password_Textbox'

2018-07-18 17:20:54 - [MESSAGE][PASSED] - Keys 'Lock' sent to object: 'Object Repository/OMVA_Login_Page/Password_Textbox'

2018-07-18 17:20:54 - [TEST_STEP][PASSED] - click: Object: 'Object Repository/OMVA_Login_Page/Signin_Button' is clicked on

2018-07-18 17:20:54 - [MESSAGE][PASSED] - Object: 'Object Repository/OMVA_Login_Page/Signin_Button' is clicked on

2018-07-18 17:20:54 - [TEST_STEP][PASSED] - delay: Delayed 4 second(s)

2018-07-18 17:20:58 - [MESSAGE][PASSED] - Delayed 4 second(s)

2018-07-18 17:20:58 - [TEST_STEP][PASSED] - Statement - AHeaderTxt = com.kms.katalon.core.webui.keyword.WebUiBuiltInKeywords.getText(com.kms.katalon.core.testobject.ObjectRepository.findTestObject(OMVA_Login_Page/LockedLogin_HeaderTxt)): Text of object 'Object Repository/OMVA_Login_Page/LockedLogin_HeaderTxt' is: 'Account Locked'

2018-07-18 17:20:58 - [MESSAGE][PASSED] - Text of object 'Object Repository/OMVA_Login_Page/LockedLogin_HeaderTxt' is: 'Account Locked'

2018-07-18 17:20:58 - [TEST_STEP][PASSED] - verifyMatch: Actual text 'Account Locked' and expected text 'Account Locked' are matched  using regular expression

2018-07-18 17:20:59 - [MESSAGE][PASSED] - Actual text 'Account Locked' and expected text 'Account Locked' are matched  using regular expression

2018-07-18 17:20:59 - [TEST_STEP][PASSED] - Statement - AContentTxt = com.kms.katalon.core.webui.keyword.WebUiBuiltInKeywords.getText(com.kms.katalon.core.testobject.ObjectRepository.findTestObject(OMVA_Login_Page/LockedLogin_ContentTxt)): Text of object 'Object Repository/OMVA_Login_Page/LockedLogin_ContentTxt' is: 'This account is locked due to multiple failed attempts. Please contact support team to resolve the same'

2018-07-18 17:20:59 - [MESSAGE][PASSED] - Text of object 'Object Repository/OMVA_Login_Page/LockedLogin_ContentTxt' is: 'This account is locked due to multiple failed attempts. Please contact support team to resolve the same'

2018-07-18 17:20:59 - [TEST_STEP][PASSED] - verifyMatch: Actual text 'This account is locked due to multiple failed attempts. Please contact support team to resolve the same' and expected text 'This account is locked due to multiple failed attempts. Please contact support team to resolve the same' are matched  using regular expression

2018-07-18 17:20:59 - [MESSAGE][PASSED] - Actual text 'This account is locked due to multiple failed attempts. Please contact support team to resolve the same' and expected text 'This account is locked due to multiple failed attempts. Please contact support team to resolve the same' are matched  using regular expression

2018-07-18 17:20:59 - [TEST_STEP][PASSED] - waitForElementVisible: Object 'Object Repository/OMVA_Login_Page/InvalidLogin_OKbtn' is visible

2018-07-18 17:20:59 - [MESSAGE][PASSED] - Object 'Object Repository/OMVA_Login_Page/InvalidLogin_OKbtn' is visible

2018-07-18 17:20:59 - [TEST_STEP][PASSED] - click: Object: 'Object Repository/OMVA_Login_Page/InvalidLogin_OKbtn' is clicked on

2018-07-18 17:20:59 - [MESSAGE][PASSED] - Object: 'Object Repository/OMVA_Login_Page/InvalidLogin_OKbtn' is clicked on

2018-07-18 17:20:59 - [TEST_STEP][PASSED] - closeBrowser: Browser is closed

2018-07-18 17:21:00 - [MESSAGE][PASSED] - Browser is closed

2018-07-18 17:21:00 - [MESSAGE][PASSED] - Call Test Case 'Test Cases/UserManagementTestCases/Login/LockUser_Login' successfully]]></system-out>
         <system-err><![CDATA[]]></system-err>
      </testcase>
      <testcase name="Test Cases/UserManagementTestCases/UserActions/Unlock_User" classname="Test Cases/UserManagementTestCases/UserActions/Unlock_User" status="PASSED">
         <system-out><![CDATA[2018-07-18 17:21:00 - [TEST_CASE][PASSED] - Test Cases/UserManagementTestCases/UserActions/Unlock_User: Test Cases/UserManagementTestCases/UserActions/Unlock_User

2018-07-18 17:21:00 - [TEST_STEP][PASSED] - callTestCase: Call Test Case 'Test Cases/CommonTestcases/OpenBrowserandNavigateToQAURL' successfully

2018-07-18 17:21:00 - [TEST_CASE][PASSED] - Test Cases/CommonTestcases/OpenBrowserandNavigateToQAURL: Test Cases/CommonTestcases/OpenBrowserandNavigateToQAURL

2018-07-18 17:21:00 - [TEST_STEP][PASSED] - openBrowser: Browser is opened with url: ''

2018-07-18 17:21:02 - [MESSAGE][PASSED] - Browser is opened with url: ''

2018-07-18 17:21:02 - [TEST_STEP][PASSED] - navigateToUrl: Navigate to 'https://coa-demo-env.azurewebsites.net/da/index.html#/login' successfully

2018-07-18 17:21:10 - [MESSAGE][PASSED] - Navigate to 'https://coa-demo-env.azurewebsites.net/da/index.html#/login' successfully

2018-07-18 17:21:10 - [TEST_STEP][PASSED] - maximizeWindow: Current window maximized

2018-07-18 17:21:11 - [MESSAGE][PASSED] - Current window maximized

2018-07-18 17:21:11 - [MESSAGE][PASSED] - Call Test Case 'Test Cases/CommonTestcases/OpenBrowserandNavigateToQAURL' successfully

2018-07-18 17:21:11 - [TEST_STEP][PASSED] - waitForElementVisible: Object 'Object Repository/OMVA_Login_Page/Username_Textbox' is visible

2018-07-18 17:21:11 - [MESSAGE][PASSED] - Object 'Object Repository/OMVA_Login_Page/Username_Textbox' is visible

2018-07-18 17:21:11 - [TEST_STEP][PASSED] - sendKeys: Keys 'SuperAdmin' sent to object: 'Object Repository/OMVA_Login_Page/Username_Textbox'

2018-07-18 17:21:12 - [MESSAGE][PASSED] - Keys 'SuperAdmin' sent to object: 'Object Repository/OMVA_Login_Page/Username_Textbox'

2018-07-18 17:21:12 - [TEST_STEP][PASSED] - click: Object: 'Object Repository/OMVA_Login_Page/Next_Button' is clicked on

2018-07-18 17:21:12 - [MESSAGE][PASSED] - Object: 'Object Repository/OMVA_Login_Page/Next_Button' is clicked on

2018-07-18 17:21:12 - [TEST_STEP][PASSED] - waitForElementVisible: Object 'Object Repository/OMVA_Login_Page/Password_Textbox' is visible

2018-07-18 17:21:13 - [MESSAGE][PASSED] - Object 'Object Repository/OMVA_Login_Page/Password_Textbox' is visible

2018-07-18 17:21:13 - [TEST_STEP][PASSED] - sendKeys: Keys 'SuperAdmin' sent to object: 'Object Repository/OMVA_Login_Page/Password_Textbox'

2018-07-18 17:21:13 - [MESSAGE][PASSED] - Keys 'SuperAdmin' sent to object: 'Object Repository/OMVA_Login_Page/Password_Textbox'

2018-07-18 17:21:13 - [TEST_STEP][PASSED] - click: Object: 'Object Repository/OMVA_Login_Page/Signin_Button' is clicked on

2018-07-18 17:21:13 - [MESSAGE][PASSED] - Object: 'Object Repository/OMVA_Login_Page/Signin_Button' is clicked on

2018-07-18 17:21:13 - [TEST_STEP][PASSED] - delay: Delayed 5 second(s)

2018-07-18 17:21:18 - [MESSAGE][PASSED] - Delayed 5 second(s)

2018-07-18 17:21:18 - [TEST_STEP][PASSED] - waitForElementVisible: Object 'Object Repository/OMVA_Landing_Page/Search_icon' is visible

2018-07-18 17:21:19 - [MESSAGE][PASSED] - Object 'Object Repository/OMVA_Landing_Page/Search_icon' is visible

2018-07-18 17:21:19 - [TEST_STEP][PASSED] - click: Object: 'Object Repository/OMVA_Landing_Page/Search_icon' is clicked on

2018-07-18 17:21:19 - [MESSAGE][PASSED] - Object: 'Object Repository/OMVA_Landing_Page/Search_icon' is clicked on

2018-07-18 17:21:19 - [TEST_STEP][PASSED] - sendKeys: Keys 'Lock' sent to object: 'Object Repository/OMVA_Landing_Page/Search_icon'

2018-07-18 17:21:19 - [MESSAGE][PASSED] - Keys 'Lock' sent to object: 'Object Repository/OMVA_Landing_Page/Search_icon'

2018-07-18 17:21:19 - [TEST_STEP][PASSED] - delay: Delayed 3 second(s)

2018-07-18 17:21:22 - [MESSAGE][PASSED] - Delayed 3 second(s)

2018-07-18 17:21:22 - [TEST_STEP][PASSED] - waitForElementVisible: Object 'Object Repository/OMVA_Landing_Page/Locked_Icon' is visible

2018-07-18 17:21:22 - [MESSAGE][PASSED] - Object 'Object Repository/OMVA_Landing_Page/Locked_Icon' is visible

2018-07-18 17:21:22 - [TEST_STEP][PASSED] - click: Object: 'Object Repository/OMVA_Landing_Page/Locked_Icon' is clicked on

2018-07-18 17:21:23 - [MESSAGE][PASSED] - Object: 'Object Repository/OMVA_Landing_Page/Locked_Icon' is clicked on

2018-07-18 17:21:23 - [TEST_STEP][PASSED] - waitForElementVisible: Object 'Object Repository/OMVA_Landing_Page/UnlockUserPopup_HeaderTxt' is visible

2018-07-18 17:21:23 - [MESSAGE][PASSED] - Object 'Object Repository/OMVA_Landing_Page/UnlockUserPopup_HeaderTxt' is visible

2018-07-18 17:21:23 - [TEST_STEP][PASSED] - Statement - AHeaderTxt = com.kms.katalon.core.webui.keyword.WebUiBuiltInKeywords.getText(com.kms.katalon.core.testobject.ObjectRepository.findTestObject(OMVA_Landing_Page/UnlockUserPopup_HeaderTxt)): Text of object 'Object Repository/OMVA_Landing_Page/UnlockUserPopup_HeaderTxt' is: 'Confirm Unlock'

2018-07-18 17:21:23 - [MESSAGE][PASSED] - Text of object 'Object Repository/OMVA_Landing_Page/UnlockUserPopup_HeaderTxt' is: 'Confirm Unlock'

2018-07-18 17:21:23 - [TEST_STEP][PASSED] - verifyMatch: Actual text 'Confirm Unlock' and expected text 'Confirm Unlock' are matched  using regular expression

2018-07-18 17:21:23 - [MESSAGE][PASSED] - Actual text 'Confirm Unlock' and expected text 'Confirm Unlock' are matched  using regular expression

2018-07-18 17:21:23 - [TEST_STEP][PASSED] - Statement - AContentTxt = com.kms.katalon.core.webui.keyword.WebUiBuiltInKeywords.getText(com.kms.katalon.core.testobject.ObjectRepository.findTestObject(OMVA_Landing_Page/UnlockUserPopup_ContentTxt)): Text of object 'Object Repository/OMVA_Landing_Page/UnlockUserPopup_ContentTxt' is: 'Are you sure you want to unlock Lock's account?'

2018-07-18 17:21:23 - [MESSAGE][PASSED] - Text of object 'Object Repository/OMVA_Landing_Page/UnlockUserPopup_ContentTxt' is: 'Are you sure you want to unlock Lock's account?'

2018-07-18 17:21:23 - [TEST_STEP][PASSED] - click: Object: 'Object Repository/OMVA_Landing_Page/UnlockUserPopup_OKBtn' is clicked on

2018-07-18 17:21:24 - [MESSAGE][PASSED] - Object: 'Object Repository/OMVA_Landing_Page/UnlockUserPopup_OKBtn' is clicked on

2018-07-18 17:21:24 - [TEST_STEP][PASSED] - Statement - UnlockToastMsg = com.kms.katalon.core.webui.keyword.WebUiBuiltInKeywords.getText(com.kms.katalon.core.testobject.ObjectRepository.findTestObject(OMVA_Landing_Page/Unlock_ToastMsg)): Text of object 'Object Repository/OMVA_Landing_Page/Unlock_ToastMsg' is: 'An email will be triggered to inform the user.'

2018-07-18 17:21:25 - [MESSAGE][PASSED] - Text of object 'Object Repository/OMVA_Landing_Page/Unlock_ToastMsg' is: 'An email will be triggered to inform the user.'

2018-07-18 17:21:25 - [TEST_STEP][PASSED] - verifyMatch: Actual text 'An email will be triggered to inform the user.' and expected text 'An email will be triggered to inform the user.' are matched  using regular expression

2018-07-18 17:21:25 - [MESSAGE][PASSED] - Actual text 'An email will be triggered to inform the user.' and expected text 'An email will be triggered to inform the user.' are matched  using regular expression

2018-07-18 17:21:25 - [TEST_STEP][PASSED] - closeBrowser: Browser is closed

2018-07-18 17:21:25 - [MESSAGE][PASSED] - Browser is closed]]></system-out>
         <system-err><![CDATA[]]></system-err>
      </testcase>
      <system-out><![CDATA[2018-07-18 17:07:47 - [TEST_SUITE][FAILED] - UserManagementTestSuite: Test Cases/UserManagementTestCases/Login/Invalid_Login FAILED because (of) Unable to verify match between actual text '' and expected text 'Invalid Credentials' using regular expression (Root cause: Actual text '' and expected text 'Invalid Credentials' are not matched using regular expression)]]></system-out>
      <system-err><![CDATA[2018-07-18 17:07:47 - [TEST_SUITE][FAILED] - UserManagementTestSuite: Test Cases/UserManagementTestCases/Login/Invalid_Login FAILED because (of) Unable to verify match between actual text '' and expected text 'Invalid Credentials' using regular expression (Root cause: Actual text '' and expected text 'Invalid Credentials' are not matched using regular expression)]]></system-err>
   </testsuite>
</testsuites>
